1.2941 	WARNING 	We strongly recommend you activate the PTB sound engine in PsychoPy prefs as the preferred audio engine. Its timing is vastly superior. Your prefs are currently set to use ['sounddevice', 'PTB', 'pyo', 'pygame'] (in that order).
8.9031 	WARNING 	User requested fullscreen with size [2048 1152], but screen is actually [1440, 900]. Using actual size
9.8411 	EXP 	Created window1 = Window(allowGUI=False, allowStencil=False, args=UNKNOWN, autoLog=True, bitsMode=UNKNOWN, blendMode='avg', bpc=(8, 8, 8), color=array([1., 1., 1.]), colorSpace='rgb', depthBits=8, fullscr=<method-wrapper '__getattribute__' of attributeSetter object at 0x12ff1bb00>, gamma=None, gammaErrorPolicy='raise', kwargs=UNKNOWN, lms=UNKNOWN, monitor=<psychopy.monitors.calibTools.Monitor object at 0x12e37a518>, multiSample=False, name='window1', numSamples=2, pos=[360.0, 225.0], screen=0, size=array([2880, 1800]), stencilBits=0, stereo=False, units='cm', useFBO=True, useRetina=True, viewOri=0.0, viewPos=None, viewScale=None, waitBlanking=True, winType='pyglet')
9.8412 	EXP 	window1: recordFrameIntervals = False
10.0051 	EXP 	window1: recordFrameIntervals = True
10.1895 	EXP 	window1: recordFrameIntervals = False
10.4479 	EXP 	Created text_instructions = TextStim(__class__=<class 'psychopy.visual.text.TextStim'>, alignHoriz=method-wrapper(...), alignText='center', alignVert=method-wrapper(...), anchorHoriz='center', anchorVert='center', antialias=True, autoLog=True, bold=False, color='black', colorSpace='named', contrast=1.0, depth=0.0, flipHoriz=False, flipVert=False, font='Arial', fontFiles=[], height=0.7, italic=False, languageStyle='LTR', name='text_instructions', opacity=1.0, ori=0, pos=array([0., 0.]), rgb=array([0., 0., 0.]), text=str(...), units='cm', win=Window(...), wrapWidth=30)
10.4958 	EXP 	Created text_prompt_vowels = TextStim(__class__=<class 'psychopy.visual.text.TextStim'>, alignHoriz=method-wrapper(...), alignText='center', alignVert=method-wrapper(...), anchorHoriz='center', anchorVert='center', antialias=True, autoLog=True, bold=False, color='black', colorSpace='named', contrast=1.0, depth=0.0, flipHoriz=False, flipVert=False, font='Arial', fontFiles=[], height=0.7, italic=False, languageStyle='LTR', name='text_prompt_vowels', opacity=1.0, ori=0, pos=array([0., 0.]), rgb=array([0., 0., 0.]), text=str(...), units='cm', win=Window(...), wrapWidth=1500)
10.5288 	EXP 	Created blank500 = TextStim(__class__=<class 'psychopy.visual.text.TextStim'>, alignHoriz=method-wrapper(...), alignText='center', alignVert=method-wrapper(...), anchorHoriz='center', anchorVert='center', antialias=True, autoLog=True, bold=False, color='white', colorSpace='named', contrast=1.0, depth=0.0, flipHoriz=False, flipVert=False, font='Arial', fontFiles=[], height=0.1, italic=False, languageStyle='LTR', name='blank500', opacity=1.0, ori=0, pos=array([0., 0.]), rgb=array([255., 255., 255.]), text='', units='cm', win=Window(...), wrapWidth=15.0)
10.5323 	EXP 	Created image_rune_left1 = ImageStim(__class__=<class 'psychopy.visual.image.ImageStim'>, autoLog=True, color=array([1., 1., 1.]), colorSpace='rgb', contrast=1.0, depth=0.0, flipHoriz=False, flipVert=False, image='sin', interpolate=False, mask=None, maskParams=None, name='image_rune_left1', opacity=1.0, ori=0.0, pos=array([-8.,  0.]), size=array([8., 8.]), texRes=128, units='cm', win=Window(...))
10.5360 	EXP 	Created image_rune_right1 = ImageStim(__class__=<class 'psychopy.visual.image.ImageStim'>, autoLog=True, color=array([1., 1., 1.]), colorSpace='rgb', contrast=1.0, depth=-1.0, flipHoriz=False, flipVert=False, image='sin', interpolate=False, mask=None, maskParams=None, name='image_rune_right1', opacity=1.0, ori=0.0, pos=array([8., 0.]), size=array([8., 8.]), texRes=128, units='cm', win=Window(...))
10.5400 	EXP 	Created image_rune_mid1 = ImageStim(__class__=<class 'psychopy.visual.image.ImageStim'>, autoLog=True, color=array([1., 1., 1.]), colorSpace='rgb', contrast=1.0, depth=-2.0, flipHoriz=False, flipVert=False, image='sin', interpolate=False, mask=None, maskParams=None, name='image_rune_mid1', opacity=1.0, ori=0.0, pos=array([0., 0.]), size=array([8., 8.]), texRes=128, units='cm', win=Window(...))
10.5606 	EXP 	Sound sound_phoneme set volume 1.000
10.5725 	EXP 	Created text_listen = TextStim(__class__=<class 'psychopy.visual.text.TextStim'>, alignHoriz=method-wrapper(...), alignText='center', alignVert=method-wrapper(...), anchorHoriz='center', anchorVert='center', antialias=True, autoLog=True, bold=False, color='red', colorSpace='named', contrast=1.0, depth=-4.0, flipHoriz=False, flipVert=False, font='Arial', fontFiles=[], height=0.6, italic=False, languageStyle='LTR', name='text_listen', opacity=1.0, ori=0, pos=array([ 0., 10.]), rgb=array([255.,   0.,   0.]), text='Listen!', units='cm', win=Window(...), wrapWidth=15.0)
10.5760 	EXP 	Created image_rune_left = ImageStim(__class__=<class 'psychopy.visual.image.ImageStim'>, autoLog=True, color=array([1., 1., 1.]), colorSpace='rgb', contrast=1.0, depth=-1.0, flipHoriz=False, flipVert=False, image='sin', interpolate=False, mask=None, maskParams=None, name='image_rune_left', opacity=1.0, ori=0.0, pos=array([-8.,  0.]), size=array([8., 8.]), texRes=128, units='cm', win=Window(...))
10.5794 	EXP 	Created image_rune_right = ImageStim(__class__=<class 'psychopy.visual.image.ImageStim'>, autoLog=True, color=array([1., 1., 1.]), colorSpace='rgb', contrast=1.0, depth=-2.0, flipHoriz=False, flipVert=False, image='sin', interpolate=False, mask=None, maskParams=None, name='image_rune_right', opacity=1.0, ori=0.0, pos=array([8., 0.]), size=array([8., 8.]), texRes=128, units='cm', win=Window(...))
10.5819 	EXP 	Created image_rune_mid = ImageStim(__class__=<class 'psychopy.visual.image.ImageStim'>, autoLog=True, color=array([1., 1., 1.]), colorSpace='rgb', contrast=1.0, depth=-3.0, flipHoriz=False, flipVert=False, image='sin', interpolate=False, mask=None, maskParams=None, name='image_rune_mid', opacity=1.0, ori=0.0, pos=array([0., 0.]), size=array([8., 8.]), texRes=128, units='cm', win=Window(...))
10.5845 	EXP 	Created image_speaker_left = ImageStim(__class__=<class 'psychopy.visual.image.ImageStim'>, autoLog=True, color=array([1., 1., 1.]), colorSpace='rgb', contrast=1.0, depth=-4.0, flipHoriz=False, flipVert=False, image='sin', interpolate=True, mask=None, maskParams=None, name='image_speaker_left', opacity=1.0, ori=0.0, pos=array([-8., -8.]), size=array([2., 2.]), texRes=128, units='cm', win=Window(...))
10.5871 	EXP 	Created image_speaker_right = ImageStim(__class__=<class 'psychopy.visual.image.ImageStim'>, autoLog=True, color=array([1., 1., 1.]), colorSpace='rgb', contrast=1.0, depth=-5.0, flipHoriz=False, flipVert=False, image='sin', interpolate=True, mask=None, maskParams=None, name='image_speaker_right', opacity=1.0, ori=0.0, pos=array([ 8., -8.]), size=array([2., 2.]), texRes=128, units='cm', win=Window(...))
10.5897 	EXP 	Created image_speaker_mid = ImageStim(__class__=<class 'psychopy.visual.image.ImageStim'>, autoLog=True, color=array([1., 1., 1.]), colorSpace='rgb', contrast=1.0, depth=-6.0, flipHoriz=False, flipVert=False, image='sin', interpolate=True, mask=None, maskParams=None, name='image_speaker_mid', opacity=1.0, ori=0.0, pos=array([ 0., -8.]), size=array([2., 2.]), texRes=128, units='cm', win=Window(...))
10.6424 	EXP 	Created text_practice = TextStim(__class__=<class 'psychopy.visual.text.TextStim'>, alignHoriz=method-wrapper(...), alignText='center', alignVert=method-wrapper(...), anchorHoriz='center', anchorVert='center', antialias=True, autoLog=True, bold=False, color='red', colorSpace='named', contrast=1.0, depth=-7.0, flipHoriz=False, flipVert=False, font='Arial', fontFiles=[], height=0.6, italic=False, languageStyle='LTR', name='text_practice', opacity=1.0, ori=0, pos=array([ 0., 10.]), rgb=array([255.,   0.,   0.]), text=str(...), units='cm', win=Window(...), wrapWidth=1500)
10.6773 	EXP 	Sound phoneme_practice1 set volume 1.000
10.6774 	EXP 	Sound phoneme_practice2 set volume 1.000
10.6792 	EXP 	Created blank500 = TextStim(__class__=<class 'psychopy.visual.text.TextStim'>, alignHoriz=method-wrapper(...), alignText='center', alignVert=method-wrapper(...), anchorHoriz='center', anchorVert='center', antialias=True, autoLog=True, bold=False, color='white', colorSpace='named', contrast=1.0, depth=0.0, flipHoriz=False, flipVert=False, font='Arial', fontFiles=[], height=0.1, italic=False, languageStyle='LTR', name='blank500', opacity=1.0, ori=0, pos=array([0., 0.]), rgb=array([255., 255., 255.]), text='', units='cm', win=Window(...), wrapWidth=15.0)
10.7200 	EXP 	Created text_prompt_consonants = TextStim(__class__=<class 'psychopy.visual.text.TextStim'>, alignHoriz=method-wrapper(...), alignText='center', alignVert=method-wrapper(...), anchorHoriz='center', anchorVert='center', antialias=True, autoLog=True, bold=False, color='black', colorSpace='named', contrast=1.0, depth=0.0, flipHoriz=False, flipVert=False, font='Arial', fontFiles=[], height=0.7, italic=False, languageStyle='LTR', name='text_prompt_consonants', opacity=1.0, ori=0, pos=array([0., 0.]), rgb=array([0., 0., 0.]), text=str(...), units='cm', win=Window(...), wrapWidth=1500)
10.7550 	EXP 	Created blank500 = TextStim(__class__=<class 'psychopy.visual.text.TextStim'>, alignHoriz=method-wrapper(...), alignText='center', alignVert=method-wrapper(...), anchorHoriz='center', anchorVert='center', antialias=True, autoLog=True, bold=False, color='white', colorSpace='named', contrast=1.0, depth=0.0, flipHoriz=False, flipVert=False, font='Arial', fontFiles=[], height=0.1, italic=False, languageStyle='LTR', name='blank500', opacity=1.0, ori=0, pos=array([0., 0.]), rgb=array([255., 255., 255.]), text='', units='cm', win=Window(...), wrapWidth=15.0)
10.7595 	EXP 	Created image_rune_left1 = ImageStim(__class__=<class 'psychopy.visual.image.ImageStim'>, autoLog=True, color=array([1., 1., 1.]), colorSpace='rgb', contrast=1.0, depth=0.0, flipHoriz=False, flipVert=False, image='sin', interpolate=False, mask=None, maskParams=None, name='image_rune_left1', opacity=1.0, ori=0.0, pos=array([-8.,  0.]), size=array([8., 8.]), texRes=128, units='cm', win=Window(...))
10.7623 	EXP 	Created image_rune_right1 = ImageStim(__class__=<class 'psychopy.visual.image.ImageStim'>, autoLog=True, color=array([1., 1., 1.]), colorSpace='rgb', contrast=1.0, depth=-1.0, flipHoriz=False, flipVert=False, image='sin', interpolate=False, mask=None, maskParams=None, name='image_rune_right1', opacity=1.0, ori=0.0, pos=array([8., 0.]), size=array([8., 8.]), texRes=128, units='cm', win=Window(...))
10.7648 	EXP 	Created image_rune_mid1 = ImageStim(__class__=<class 'psychopy.visual.image.ImageStim'>, autoLog=True, color=array([1., 1., 1.]), colorSpace='rgb', contrast=1.0, depth=-2.0, flipHoriz=False, flipVert=False, image='sin', interpolate=False, mask=None, maskParams=None, name='image_rune_mid1', opacity=1.0, ori=0.0, pos=array([0., 0.]), size=array([8., 8.]), texRes=128, units='cm', win=Window(...))
10.7650 	EXP 	Sound sound_phoneme set volume 1.000
10.7682 	EXP 	Created text_listen = TextStim(__class__=<class 'psychopy.visual.text.TextStim'>, alignHoriz=method-wrapper(...), alignText='center', alignVert=method-wrapper(...), anchorHoriz='center', anchorVert='center', antialias=True, autoLog=True, bold=False, color='red', colorSpace='named', contrast=1.0, depth=-4.0, flipHoriz=False, flipVert=False, font='Arial', fontFiles=[], height=0.6, italic=False, languageStyle='LTR', name='text_listen', opacity=1.0, ori=0, pos=array([ 0., 10.]), rgb=array([255.,   0.,   0.]), text='Listen!', units='cm', win=Window(...), wrapWidth=15.0)
10.7713 	EXP 	Created image_rune_left = ImageStim(__class__=<class 'psychopy.visual.image.ImageStim'>, autoLog=True, color=array([1., 1., 1.]), colorSpace='rgb', contrast=1.0, depth=-1.0, flipHoriz=False, flipVert=False, image='sin', interpolate=False, mask=None, maskParams=None, name='image_rune_left', opacity=1.0, ori=0.0, pos=array([-8.,  0.]), size=array([8., 8.]), texRes=128, units='cm', win=Window(...))
10.7743 	EXP 	Created image_rune_right = ImageStim(__class__=<class 'psychopy.visual.image.ImageStim'>, autoLog=True, color=array([1., 1., 1.]), colorSpace='rgb', contrast=1.0, depth=-2.0, flipHoriz=False, flipVert=False, image='sin', interpolate=False, mask=None, maskParams=None, name='image_rune_right', opacity=1.0, ori=0.0, pos=array([8., 0.]), size=array([8., 8.]), texRes=128, units='cm', win=Window(...))
10.7773 	EXP 	Created image_rune_mid = ImageStim(__class__=<class 'psychopy.visual.image.ImageStim'>, autoLog=True, color=array([1., 1., 1.]), colorSpace='rgb', contrast=1.0, depth=-3.0, flipHoriz=False, flipVert=False, image='sin', interpolate=False, mask=None, maskParams=None, name='image_rune_mid', opacity=1.0, ori=0.0, pos=array([0., 0.]), size=array([8., 8.]), texRes=128, units='cm', win=Window(...))
10.7817 	EXP 	Created image_speaker_left = ImageStim(__class__=<class 'psychopy.visual.image.ImageStim'>, autoLog=True, color=array([1., 1., 1.]), colorSpace='rgb', contrast=1.0, depth=-4.0, flipHoriz=False, flipVert=False, image='sin', interpolate=True, mask=None, maskParams=None, name='image_speaker_left', opacity=1.0, ori=0.0, pos=array([-8., -8.]), size=array([2., 2.]), texRes=128, units='cm', win=Window(...))
10.7862 	EXP 	Created image_speaker_right = ImageStim(__class__=<class 'psychopy.visual.image.ImageStim'>, autoLog=True, color=array([1., 1., 1.]), colorSpace='rgb', contrast=1.0, depth=-5.0, flipHoriz=False, flipVert=False, image='sin', interpolate=True, mask=None, maskParams=None, name='image_speaker_right', opacity=1.0, ori=0.0, pos=array([ 8., -8.]), size=array([2., 2.]), texRes=128, units='cm', win=Window(...))
10.7902 	EXP 	Created image_speaker_mid = ImageStim(__class__=<class 'psychopy.visual.image.ImageStim'>, autoLog=True, color=array([1., 1., 1.]), colorSpace='rgb', contrast=1.0, depth=-6.0, flipHoriz=False, flipVert=False, image='sin', interpolate=True, mask=None, maskParams=None, name='image_speaker_mid', opacity=1.0, ori=0.0, pos=array([ 0., -8.]), size=array([2., 2.]), texRes=128, units='cm', win=Window(...))
10.8026 	EXP 	Created text_practice = TextStim(__class__=<class 'psychopy.visual.text.TextStim'>, alignHoriz=method-wrapper(...), alignText='center', alignVert=method-wrapper(...), anchorHoriz='center', anchorVert='center', antialias=True, autoLog=True, bold=False, color='red', colorSpace='named', contrast=1.0, depth=-7.0, flipHoriz=False, flipVert=False, font='Arial', fontFiles=[], height=0.6, italic=False, languageStyle='LTR', name='text_practice', opacity=1.0, ori=0, pos=array([ 0., 10.]), rgb=array([255.,   0.,   0.]), text=str(...), units='cm', win=Window(...), wrapWidth=1500)
10.8300 	EXP 	Sound phoneme_practice1 set volume 1.000
10.8301 	EXP 	Sound phoneme_practice2 set volume 1.000
10.8314 	EXP 	Created blank500 = TextStim(__class__=<class 'psychopy.visual.text.TextStim'>, alignHoriz=method-wrapper(...), alignText='center', alignVert=method-wrapper(...), anchorHoriz='center', anchorVert='center', antialias=True, autoLog=True, bold=False, color='white', colorSpace='named', contrast=1.0, depth=0.0, flipHoriz=False, flipVert=False, font='Arial', fontFiles=[], height=0.1, italic=False, languageStyle='LTR', name='blank500', opacity=1.0, ori=0, pos=array([0., 0.]), rgb=array([255., 255., 255.]), text='', units='cm', win=Window(...), wrapWidth=15.0)
10.8452 	EXP 	Created text = TextStim(__class__=<class 'psychopy.visual.text.TextStim'>, alignHoriz=method-wrapper(...), alignText='center', alignVert=method-wrapper(...), anchorHoriz='center', anchorVert='center', antialias=True, autoLog=True, bold=False, color='black', colorSpace='named', contrast=1.0, depth=0.0, flipHoriz=False, flipVert=False, font='Arial', fontFiles=[], height=0.7, italic=False, languageStyle='LTR', name='text', opacity=1.0, ori=0, pos=array([0., 0.]), rgb=array([0., 0., 0.]), text=str(...), units='cm', win=Window(...), wrapWidth=15.0)
10.8849 	EXP 	Created textz_end = TextStim(__class__=<class 'psychopy.visual.text.TextStim'>, alignHoriz=method-wrapper(...), alignText='center', alignVert=method-wrapper(...), anchorHoriz='center', anchorVert='center', antialias=True, autoLog=True, bold=False, color='black', colorSpace='named', contrast=1.0, depth=0.0, flipHoriz=False, flipVert=False, font='Arial', fontFiles=[], height=0.7, italic=False, languageStyle='LTR', name='textz_end', opacity=1.0, ori=0, pos=array([0., 0.]), rgb=array([0., 0., 0.]), text=str(...), units='cm', win=Window(...), wrapWidth=30)
10.9143 	EXP 	text_instructions: autoDraw = True
12.0073 	EXP 	Created sequence: sequential, trialTypes=1, nReps=5, seed=None
12.0082 	EXP 	New trial (rep=0, index=0): None
12.0178 	DATA 	Keypress: space
12.0391 	EXP 	text_instructions: autoDraw = False
12.0391 	EXP 	text_prompt_vowels: autoDraw = True
12.4139 	EXP 	Imported trial_conditions_v5.csv as conditions, 4 conditions, 10 params
12.4148 	EXP 	Created sequence: sequential, trialTypes=4, nReps=1, seed=None
12.4159 	EXP 	New trial (rep=0, index=0): OrderedDict([('pic1', 'pics/blank.jpg'), ('pic2', 'pics/blank.jpg'), ('pic3', 'pics/v3.png'), ('sound', 'sound/test.wav'), ('image_icon1', 'pics/blank.jpg'), ('image_icon2', 'pics/blank.jpg'), ('image_icon3', 'pics/speaker_icon.jpg'), ('sound1', 'sound/ih.wav'), ('sound2', 'sound/blank.wav'), ('condition', 'vowel')])
12.4211 	DATA 	Keypress: space
12.4396 	EXP 	text_prompt_vowels: autoDraw = False
12.4396 	EXP 	blank500: autoDraw = True
13.1706 	WARNING 	Requested image 'pics/v3.png' not found but similar filename 'pics/v3.jpg' exists. This will be used instead but changing the filename is advised.
13.2232 	EXP 	blank500: autoDraw = False
13.2232 	EXP 	image_rune_left1: image = 'pics/blank.jpg'
13.2232 	EXP 	image_rune_right1: image = 'pics/blank.jpg'
13.2232 	EXP 	image_rune_mid1: image = 'pics/v3.png'
13.2232 	EXP 	text_listen: autoDraw = True
13.7555 	EXP 	image_rune_left1: autoDraw = True
13.7555 	EXP 	image_rune_right1: autoDraw = True
13.7555 	EXP 	image_rune_mid1: autoDraw = True
20.4101 	WARNING 	Requested image 'pics/v3.png' not found but similar filename 'pics/v3.jpg' exists. This will be used instead but changing the filename is advised.
21.1581 	EXP 	window1: mouseVisible = True
