0.9042 	WARNING 	We strongly recommend you activate the PTB sound engine in PsychoPy prefs as the preferred audio engine. Its timing is vastly superior. Your prefs are currently set to use ['sounddevice', 'PTB', 'pyo', 'pygame'] (in that order).
7.5872 	WARNING 	User requested fullscreen with size [2048 1152], but screen is actually [1440, 900]. Using actual size
8.3406 	EXP 	Created window1 = Window(allowGUI=False, allowStencil=False, args=UNKNOWN, autoLog=True, bitsMode=UNKNOWN, blendMode='avg', bpc=(8, 8, 8), color=array([1., 1., 1.]), colorSpace='rgb', depthBits=8, fullscr=<method-wrapper '__getattribute__' of attributeSetter object at 0x12e72cb00>, gamma=None, gammaErrorPolicy='raise', kwargs=UNKNOWN, lms=UNKNOWN, monitor=<psychopy.monitors.calibTools.Monitor object at 0x12e2a4518>, multiSample=False, name='window1', numSamples=2, pos=[360.0, 225.0], screen=0, size=array([2880, 1800]), stencilBits=0, stereo=False, units='cm', useFBO=True, useRetina=True, viewOri=0.0, viewPos=None, viewScale=None, waitBlanking=True, winType='pyglet')
8.3406 	EXP 	window1: recordFrameIntervals = False
8.5052 	EXP 	window1: recordFrameIntervals = True
8.6895 	EXP 	window1: recordFrameIntervals = False
8.8529 	EXP 	Created text_instructions = TextStim(__class__=<class 'psychopy.visual.text.TextStim'>, alignHoriz=method-wrapper(...), alignText='center', alignVert=method-wrapper(...), anchorHoriz='center', anchorVert='center', antialias=True, autoLog=True, bold=False, color='black', colorSpace='named', contrast=1.0, depth=0.0, flipHoriz=False, flipVert=False, font='Arial', fontFiles=[], height=0.7, italic=False, languageStyle='LTR', name='text_instructions', opacity=1.0, ori=0, pos=array([0., 0.]), rgb=array([0., 0., 0.]), text=str(...), units='cm', win=Window(...), wrapWidth=30)
8.8817 	EXP 	Created text_prompt_vowels = TextStim(__class__=<class 'psychopy.visual.text.TextStim'>, alignHoriz=method-wrapper(...), alignText='center', alignVert=method-wrapper(...), anchorHoriz='center', anchorVert='center', antialias=True, autoLog=True, bold=False, color='black', colorSpace='named', contrast=1.0, depth=0.0, flipHoriz=False, flipVert=False, font='Arial', fontFiles=[], height=0.7, italic=False, languageStyle='LTR', name='text_prompt_vowels', opacity=1.0, ori=0, pos=array([0., 0.]), rgb=array([0., 0., 0.]), text=str(...), units='cm', win=Window(...), wrapWidth=1500)
8.9008 	EXP 	Created blank500 = TextStim(__class__=<class 'psychopy.visual.text.TextStim'>, alignHoriz=method-wrapper(...), alignText='center', alignVert=method-wrapper(...), anchorHoriz='center', anchorVert='center', antialias=True, autoLog=True, bold=False, color='white', colorSpace='named', contrast=1.0, depth=0.0, flipHoriz=False, flipVert=False, font='Arial', fontFiles=[], height=0.1, italic=False, languageStyle='LTR', name='blank500', opacity=1.0, ori=0, pos=array([0., 0.]), rgb=array([255., 255., 255.]), text='', units='cm', win=Window(...), wrapWidth=15.0)
8.9029 	EXP 	Created image_rune_left1 = ImageStim(__class__=<class 'psychopy.visual.image.ImageStim'>, autoLog=True, color=array([1., 1., 1.]), colorSpace='rgb', contrast=1.0, depth=0.0, flipHoriz=False, flipVert=False, image='sin', interpolate=False, mask=None, maskParams=None, name='image_rune_left1', opacity=1.0, ori=0.0, pos=array([-8.,  0.]), size=array([8., 8.]), texRes=128, units='cm', win=Window(...))
8.9045 	EXP 	Created image_rune_right1 = ImageStim(__class__=<class 'psychopy.visual.image.ImageStim'>, autoLog=True, color=array([1., 1., 1.]), colorSpace='rgb', contrast=1.0, depth=-1.0, flipHoriz=False, flipVert=False, image='sin', interpolate=False, mask=None, maskParams=None, name='image_rune_right1', opacity=1.0, ori=0.0, pos=array([8., 0.]), size=array([8., 8.]), texRes=128, units='cm', win=Window(...))
8.9061 	EXP 	Created image_rune_mid1 = ImageStim(__class__=<class 'psychopy.visual.image.ImageStim'>, autoLog=True, color=array([1., 1., 1.]), colorSpace='rgb', contrast=1.0, depth=-2.0, flipHoriz=False, flipVert=False, image='sin', interpolate=False, mask=None, maskParams=None, name='image_rune_mid1', opacity=1.0, ori=0.0, pos=array([0., 0.]), size=array([8., 8.]), texRes=128, units='cm', win=Window(...))
8.9212 	EXP 	Sound sound_phoneme set volume 1.000
8.9282 	EXP 	Created text_listen = TextStim(__class__=<class 'psychopy.visual.text.TextStim'>, alignHoriz=method-wrapper(...), alignText='center', alignVert=method-wrapper(...), anchorHoriz='center', anchorVert='center', antialias=True, autoLog=True, bold=False, color='red', colorSpace='named', contrast=1.0, depth=-4.0, flipHoriz=False, flipVert=False, font='Arial', fontFiles=[], height=0.6, italic=False, languageStyle='LTR', name='text_listen', opacity=1.0, ori=0, pos=array([ 0., 10.]), rgb=array([255.,   0.,   0.]), text='Listen!', units='cm', win=Window(...), wrapWidth=15.0)
8.9301 	EXP 	Created image_rune_left = ImageStim(__class__=<class 'psychopy.visual.image.ImageStim'>, autoLog=True, color=array([1., 1., 1.]), colorSpace='rgb', contrast=1.0, depth=0.0, flipHoriz=False, flipVert=False, image='sin', interpolate=False, mask=None, maskParams=None, name='image_rune_left', opacity=1.0, ori=0.0, pos=array([-8.,  0.]), size=array([8., 8.]), texRes=128, units='cm', win=Window(...))
8.9322 	EXP 	Created image_rune_right = ImageStim(__class__=<class 'psychopy.visual.image.ImageStim'>, autoLog=True, color=array([1., 1., 1.]), colorSpace='rgb', contrast=1.0, depth=-1.0, flipHoriz=False, flipVert=False, image='sin', interpolate=False, mask=None, maskParams=None, name='image_rune_right', opacity=1.0, ori=0.0, pos=array([8., 0.]), size=array([8., 8.]), texRes=128, units='cm', win=Window(...))
8.9339 	EXP 	Created image_rune_mid = ImageStim(__class__=<class 'psychopy.visual.image.ImageStim'>, autoLog=True, color=array([1., 1., 1.]), colorSpace='rgb', contrast=1.0, depth=-2.0, flipHoriz=False, flipVert=False, image='sin', interpolate=False, mask=None, maskParams=None, name='image_rune_mid', opacity=1.0, ori=0.0, pos=array([0., 0.]), size=array([8., 8.]), texRes=128, units='cm', win=Window(...))
8.9358 	EXP 	Created image_speaker_left = ImageStim(__class__=<class 'psychopy.visual.image.ImageStim'>, autoLog=True, color=array([1., 1., 1.]), colorSpace='rgb', contrast=1.0, depth=-3.0, flipHoriz=False, flipVert=False, image='sin', interpolate=True, mask=None, maskParams=None, name='image_speaker_left', opacity=1.0, ori=0.0, pos=array([-8., -8.]), size=array([2., 2.]), texRes=128, units='cm', win=Window(...))
8.9377 	EXP 	Created image_speaker_right = ImageStim(__class__=<class 'psychopy.visual.image.ImageStim'>, autoLog=True, color=array([1., 1., 1.]), colorSpace='rgb', contrast=1.0, depth=-4.0, flipHoriz=False, flipVert=False, image='sin', interpolate=True, mask=None, maskParams=None, name='image_speaker_right', opacity=1.0, ori=0.0, pos=array([ 8., -8.]), size=array([2., 2.]), texRes=128, units='cm', win=Window(...))
8.9408 	EXP 	Created image_speaker_mid = ImageStim(__class__=<class 'psychopy.visual.image.ImageStim'>, autoLog=True, color=array([1., 1., 1.]), colorSpace='rgb', contrast=1.0, depth=-5.0, flipHoriz=False, flipVert=False, image='sin', interpolate=True, mask=None, maskParams=None, name='image_speaker_mid', opacity=1.0, ori=0.0, pos=array([ 0., -8.]), size=array([2., 2.]), texRes=128, units='cm', win=Window(...))
8.9706 	EXP 	Created text_practice = TextStim(__class__=<class 'psychopy.visual.text.TextStim'>, alignHoriz=method-wrapper(...), alignText='center', alignVert=method-wrapper(...), anchorHoriz='center', anchorVert='center', antialias=True, autoLog=True, bold=False, color='red', colorSpace='named', contrast=1.0, depth=-6.0, flipHoriz=False, flipVert=False, font='Arial', fontFiles=[], height=0.6, italic=False, languageStyle='LTR', name='text_practice', opacity=1.0, ori=0, pos=array([ 0., 10.]), rgb=array([255.,   0.,   0.]), text=str(...), units='cm', win=Window(...), wrapWidth=1500)
9.0186 	EXP 	Sound phoneme_practice1 set volume 1.000
9.0198 	EXP 	Created blank500 = TextStim(__class__=<class 'psychopy.visual.text.TextStim'>, alignHoriz=method-wrapper(...), alignText='center', alignVert=method-wrapper(...), anchorHoriz='center', anchorVert='center', antialias=True, autoLog=True, bold=False, color='white', colorSpace='named', contrast=1.0, depth=0.0, flipHoriz=False, flipVert=False, font='Arial', fontFiles=[], height=0.1, italic=False, languageStyle='LTR', name='blank500', opacity=1.0, ori=0, pos=array([0., 0.]), rgb=array([255., 255., 255.]), text='', units='cm', win=Window(...), wrapWidth=15.0)
9.0453 	EXP 	Created text_prompt_consonants = TextStim(__class__=<class 'psychopy.visual.text.TextStim'>, alignHoriz=method-wrapper(...), alignText='center', alignVert=method-wrapper(...), anchorHoriz='center', anchorVert='center', antialias=True, autoLog=True, bold=False, color='black', colorSpace='named', contrast=1.0, depth=0.0, flipHoriz=False, flipVert=False, font='Arial', fontFiles=[], height=0.7, italic=False, languageStyle='LTR', name='text_prompt_consonants', opacity=1.0, ori=0, pos=array([0., 0.]), rgb=array([0., 0., 0.]), text=str(...), units='cm', win=Window(...), wrapWidth=1500)
9.0641 	EXP 	Created blank500 = TextStim(__class__=<class 'psychopy.visual.text.TextStim'>, alignHoriz=method-wrapper(...), alignText='center', alignVert=method-wrapper(...), anchorHoriz='center', anchorVert='center', antialias=True, autoLog=True, bold=False, color='white', colorSpace='named', contrast=1.0, depth=0.0, flipHoriz=False, flipVert=False, font='Arial', fontFiles=[], height=0.1, italic=False, languageStyle='LTR', name='blank500', opacity=1.0, ori=0, pos=array([0., 0.]), rgb=array([255., 255., 255.]), text='', units='cm', win=Window(...), wrapWidth=15.0)
9.0660 	EXP 	Created image_rune_left1 = ImageStim(__class__=<class 'psychopy.visual.image.ImageStim'>, autoLog=True, color=array([1., 1., 1.]), colorSpace='rgb', contrast=1.0, depth=0.0, flipHoriz=False, flipVert=False, image='sin', interpolate=False, mask=None, maskParams=None, name='image_rune_left1', opacity=1.0, ori=0.0, pos=array([-8.,  0.]), size=array([8., 8.]), texRes=128, units='cm', win=Window(...))
9.0684 	EXP 	Created image_rune_right1 = ImageStim(__class__=<class 'psychopy.visual.image.ImageStim'>, autoLog=True, color=array([1., 1., 1.]), colorSpace='rgb', contrast=1.0, depth=-1.0, flipHoriz=False, flipVert=False, image='sin', interpolate=False, mask=None, maskParams=None, name='image_rune_right1', opacity=1.0, ori=0.0, pos=array([8., 0.]), size=array([8., 8.]), texRes=128, units='cm', win=Window(...))
9.0706 	EXP 	Created image_rune_mid1 = ImageStim(__class__=<class 'psychopy.visual.image.ImageStim'>, autoLog=True, color=array([1., 1., 1.]), colorSpace='rgb', contrast=1.0, depth=-2.0, flipHoriz=False, flipVert=False, image='sin', interpolate=False, mask=None, maskParams=None, name='image_rune_mid1', opacity=1.0, ori=0.0, pos=array([0., 0.]), size=array([8., 8.]), texRes=128, units='cm', win=Window(...))
9.0708 	EXP 	Sound sound_phoneme set volume 1.000
9.0732 	EXP 	Created text_listen = TextStim(__class__=<class 'psychopy.visual.text.TextStim'>, alignHoriz=method-wrapper(...), alignText='center', alignVert=method-wrapper(...), anchorHoriz='center', anchorVert='center', antialias=True, autoLog=True, bold=False, color='red', colorSpace='named', contrast=1.0, depth=-4.0, flipHoriz=False, flipVert=False, font='Arial', fontFiles=[], height=0.6, italic=False, languageStyle='LTR', name='text_listen', opacity=1.0, ori=0, pos=array([ 0., 10.]), rgb=array([255.,   0.,   0.]), text='Listen!', units='cm', win=Window(...), wrapWidth=15.0)
9.0755 	EXP 	Created image_rune_left = ImageStim(__class__=<class 'psychopy.visual.image.ImageStim'>, autoLog=True, color=array([1., 1., 1.]), colorSpace='rgb', contrast=1.0, depth=0.0, flipHoriz=False, flipVert=False, image='sin', interpolate=False, mask=None, maskParams=None, name='image_rune_left', opacity=1.0, ori=0.0, pos=array([-8.,  0.]), size=array([8., 8.]), texRes=128, units='cm', win=Window(...))
9.0782 	EXP 	Created image_rune_right = ImageStim(__class__=<class 'psychopy.visual.image.ImageStim'>, autoLog=True, color=array([1., 1., 1.]), colorSpace='rgb', contrast=1.0, depth=-1.0, flipHoriz=False, flipVert=False, image='sin', interpolate=False, mask=None, maskParams=None, name='image_rune_right', opacity=1.0, ori=0.0, pos=array([8., 0.]), size=array([8., 8.]), texRes=128, units='cm', win=Window(...))
9.0809 	EXP 	Created image_rune_mid = ImageStim(__class__=<class 'psychopy.visual.image.ImageStim'>, autoLog=True, color=array([1., 1., 1.]), colorSpace='rgb', contrast=1.0, depth=-2.0, flipHoriz=False, flipVert=False, image='sin', interpolate=False, mask=None, maskParams=None, name='image_rune_mid', opacity=1.0, ori=0.0, pos=array([0., 0.]), size=array([8., 8.]), texRes=128, units='cm', win=Window(...))
9.0837 	EXP 	Created image_speaker_left = ImageStim(__class__=<class 'psychopy.visual.image.ImageStim'>, autoLog=True, color=array([1., 1., 1.]), colorSpace='rgb', contrast=1.0, depth=-3.0, flipHoriz=False, flipVert=False, image='sin', interpolate=True, mask=None, maskParams=None, name='image_speaker_left', opacity=1.0, ori=0.0, pos=array([-8., -8.]), size=array([2., 2.]), texRes=128, units='cm', win=Window(...))
9.0860 	EXP 	Created image_speaker_right = ImageStim(__class__=<class 'psychopy.visual.image.ImageStim'>, autoLog=True, color=array([1., 1., 1.]), colorSpace='rgb', contrast=1.0, depth=-4.0, flipHoriz=False, flipVert=False, image='sin', interpolate=True, mask=None, maskParams=None, name='image_speaker_right', opacity=1.0, ori=0.0, pos=array([ 8., -8.]), size=array([2., 2.]), texRes=128, units='cm', win=Window(...))
9.0882 	EXP 	Created image_speaker_mid = ImageStim(__class__=<class 'psychopy.visual.image.ImageStim'>, autoLog=True, color=array([1., 1., 1.]), colorSpace='rgb', contrast=1.0, depth=-5.0, flipHoriz=False, flipVert=False, image='sin', interpolate=True, mask=None, maskParams=None, name='image_speaker_mid', opacity=1.0, ori=0.0, pos=array([ 0., -8.]), size=array([2., 2.]), texRes=128, units='cm', win=Window(...))
9.0979 	EXP 	Created text_practice = TextStim(__class__=<class 'psychopy.visual.text.TextStim'>, alignHoriz=method-wrapper(...), alignText='center', alignVert=method-wrapper(...), anchorHoriz='center', anchorVert='center', antialias=True, autoLog=True, bold=False, color='red', colorSpace='named', contrast=1.0, depth=-6.0, flipHoriz=False, flipVert=False, font='Arial', fontFiles=[], height=0.6, italic=False, languageStyle='LTR', name='text_practice', opacity=1.0, ori=0, pos=array([ 0., 10.]), rgb=array([255.,   0.,   0.]), text=str(...), units='cm', win=Window(...), wrapWidth=1500)
9.1389 	EXP 	Sound phoneme_practice1 set volume 1.000
9.1399 	EXP 	Created blank500 = TextStim(__class__=<class 'psychopy.visual.text.TextStim'>, alignHoriz=method-wrapper(...), alignText='center', alignVert=method-wrapper(...), anchorHoriz='center', anchorVert='center', antialias=True, autoLog=True, bold=False, color='white', colorSpace='named', contrast=1.0, depth=0.0, flipHoriz=False, flipVert=False, font='Arial', fontFiles=[], height=0.1, italic=False, languageStyle='LTR', name='blank500', opacity=1.0, ori=0, pos=array([0., 0.]), rgb=array([255., 255., 255.]), text='', units='cm', win=Window(...), wrapWidth=15.0)
9.1494 	EXP 	Created text = TextStim(__class__=<class 'psychopy.visual.text.TextStim'>, alignHoriz=method-wrapper(...), alignText='center', alignVert=method-wrapper(...), anchorHoriz='center', anchorVert='center', antialias=True, autoLog=True, bold=False, color='black', colorSpace='named', contrast=1.0, depth=0.0, flipHoriz=False, flipVert=False, font='Arial', fontFiles=[], height=0.7, italic=False, languageStyle='LTR', name='text', opacity=1.0, ori=0, pos=array([0., 0.]), rgb=array([0., 0., 0.]), text=str(...), units='cm', win=Window(...), wrapWidth=15.0)
9.1770 	EXP 	Created textz_end = TextStim(__class__=<class 'psychopy.visual.text.TextStim'>, alignHoriz=method-wrapper(...), alignText='center', alignVert=method-wrapper(...), anchorHoriz='center', anchorVert='center', antialias=True, autoLog=True, bold=False, color='black', colorSpace='named', contrast=1.0, depth=0.0, flipHoriz=False, flipVert=False, font='Arial', fontFiles=[], height=0.7, italic=False, languageStyle='LTR', name='textz_end', opacity=1.0, ori=0, pos=array([0., 0.]), rgb=array([0., 0., 0.]), text=str(...), units='cm', win=Window(...), wrapWidth=30)
9.1874 	DATA 	Keypress: space
9.2090 	EXP 	text_instructions: autoDraw = True
9.6898 	EXP 	Created sequence: sequential, trialTypes=1, nReps=5, seed=None
9.6901 	EXP 	New trial (rep=0, index=0): None
9.6924 	DATA 	Keypress: space
9.7055 	EXP 	text_instructions: autoDraw = False
9.7055 	EXP 	text_prompt_vowels: autoDraw = True
10.0856 	EXP 	Imported trial_conditions_v5.csv as conditions, 4 conditions, 10 params
10.0860 	EXP 	Created sequence: sequential, trialTypes=4, nReps=1, seed=None
10.0866 	EXP 	New trial (rep=0, index=0): OrderedDict([('pic1', 'pics/blank.jpg'), ('pic2', 'pics/blank.jpg'), ('pic3', 'pics/v3.png'), ('sound', 'sound/test.wav'), ('image_icon1', 'pics/blank.jpg'), ('image_icon2', 'pics/blank.jpg'), ('image_icon3', 'pics/speaker_icon.jpg'), ('sound1', 'sound/ih.wav'), ('sound2', 'sound/blank.wav'), ('condition', 'vowel')])
10.0897 	DATA 	Keypress: space
10.1054 	EXP 	text_prompt_vowels: autoDraw = False
10.1054 	EXP 	blank500: autoDraw = True
10.7234 	WARNING 	Requested image 'pics/v3.png' not found but similar filename 'pics/v3.jpg' exists. This will be used instead but changing the filename is advised.
10.7568 	EXP 	blank500: autoDraw = False
10.7568 	EXP 	image_rune_left1: image = 'pics/blank.jpg'
10.7568 	EXP 	image_rune_right1: image = 'pics/blank.jpg'
10.7568 	EXP 	image_rune_mid1: image = 'pics/v3.png'
10.7568 	EXP 	text_listen: autoDraw = True
11.2715 	EXP 	image_rune_left1: autoDraw = True
11.2715 	EXP 	image_rune_right1: autoDraw = True
11.2715 	EXP 	image_rune_mid1: autoDraw = True
17.7904 	WARNING 	Requested image 'pics/v3.png' not found but similar filename 'pics/v3.jpg' exists. This will be used instead but changing the filename is advised.
17.9719 	EXP 	image_rune_left1: autoDraw = False
17.9719 	EXP 	image_rune_right1: autoDraw = False
17.9719 	EXP 	image_rune_mid1: autoDraw = False
17.9719 	EXP 	text_listen: autoDraw = False
17.9719 	EXP 	image_rune_left1: autoDraw = False
17.9719 	EXP 	image_rune_right1: autoDraw = False
17.9719 	EXP 	image_rune_mid1: autoDraw = False
17.9719 	EXP 	text_listen: autoDraw = False
17.9719 	EXP 	image_rune_left: image = 'pics/blank.jpg'
17.9719 	EXP 	image_rune_right: image = 'pics/blank.jpg'
17.9719 	EXP 	image_rune_mid: image = 'pics/v3.png'
17.9719 	EXP 	image_speaker_left: image = 'pics/blank.jpg'
17.9719 	EXP 	image_speaker_right: image = 'pics/blank.jpg'
17.9719 	EXP 	image_speaker_mid: image = 'pics/speaker_icon.jpg'
17.9719 	EXP 	image_rune_left: autoDraw = True
17.9719 	EXP 	image_rune_right: autoDraw = True
17.9719 	EXP 	image_rune_mid: autoDraw = True
18.6176 	EXP 	image_speaker_left: autoDraw = True
18.6176 	EXP 	image_speaker_right: autoDraw = True
18.6176 	EXP 	image_speaker_mid: autoDraw = True
18.6176 	EXP 	text_practice: autoDraw = True
20.7069 	EXP 	window1: mouseVisible = True
0.9332 	WARNING 	We strongly recommend you activate the PTB sound engine in PsychoPy prefs as the preferred audio engine. Its timing is vastly superior. Your prefs are currently set to use ['sounddevice', 'PTB', 'pyo', 'pygame'] (in that order).
6.8371 	WARNING 	User requested fullscreen with size [2048 1152], but screen is actually [1440, 900]. Using actual size
7.6065 	EXP 	Created window1 = Window(allowGUI=False, allowStencil=False, args=UNKNOWN, autoLog=True, bitsMode=UNKNOWN, blendMode='avg', bpc=(8, 8, 8), color=array([1., 1., 1.]), colorSpace='rgb', depthBits=8, fullscr=<method-wrapper '__getattribute__' of attributeSetter object at 0x12eeb9b00>, gamma=None, gammaErrorPolicy='raise', kwargs=UNKNOWN, lms=UNKNOWN, monitor=<psychopy.monitors.calibTools.Monitor object at 0x12e44d4e0>, multiSample=False, name='window1', numSamples=2, pos=[360.0, 225.0], screen=0, size=array([2880, 1800]), stencilBits=0, stereo=False, units='cm', useFBO=True, useRetina=True, viewOri=0.0, viewPos=None, viewScale=None, waitBlanking=True, winType='pyglet')
7.6066 	EXP 	window1: recordFrameIntervals = False
7.7731 	EXP 	window1: recordFrameIntervals = True
7.9558 	EXP 	window1: recordFrameIntervals = False
8.1146 	EXP 	Created text_instructions = TextStim(__class__=<class 'psychopy.visual.text.TextStim'>, alignHoriz=method-wrapper(...), alignText='center', alignVert=method-wrapper(...), anchorHoriz='center', anchorVert='center', antialias=True, autoLog=True, bold=False, color='black', colorSpace='named', contrast=1.0, depth=0.0, flipHoriz=False, flipVert=False, font='Arial', fontFiles=[], height=0.7, italic=False, languageStyle='LTR', name='text_instructions', opacity=1.0, ori=0, pos=array([0., 0.]), rgb=array([0., 0., 0.]), text=str(...), units='cm', win=Window(...), wrapWidth=30)
8.1431 	EXP 	Created text_prompt_vowels = TextStim(__class__=<class 'psychopy.visual.text.TextStim'>, alignHoriz=method-wrapper(...), alignText='center', alignVert=method-wrapper(...), anchorHoriz='center', anchorVert='center', antialias=True, autoLog=True, bold=False, color='black', colorSpace='named', contrast=1.0, depth=0.0, flipHoriz=False, flipVert=False, font='Arial', fontFiles=[], height=0.7, italic=False, languageStyle='LTR', name='text_prompt_vowels', opacity=1.0, ori=0, pos=array([0., 0.]), rgb=array([0., 0., 0.]), text=str(...), units='cm', win=Window(...), wrapWidth=1500)
8.1627 	EXP 	Created blank500 = TextStim(__class__=<class 'psychopy.visual.text.TextStim'>, alignHoriz=method-wrapper(...), alignText='center', alignVert=method-wrapper(...), anchorHoriz='center', anchorVert='center', antialias=True, autoLog=True, bold=False, color='white', colorSpace='named', contrast=1.0, depth=0.0, flipHoriz=False, flipVert=False, font='Arial', fontFiles=[], height=0.1, italic=False, languageStyle='LTR', name='blank500', opacity=1.0, ori=0, pos=array([0., 0.]), rgb=array([255., 255., 255.]), text='', units='cm', win=Window(...), wrapWidth=15.0)
8.1648 	EXP 	Created image_rune_left1 = ImageStim(__class__=<class 'psychopy.visual.image.ImageStim'>, autoLog=True, color=array([1., 1., 1.]), colorSpace='rgb', contrast=1.0, depth=0.0, flipHoriz=False, flipVert=False, image='sin', interpolate=False, mask=None, maskParams=None, name='image_rune_left1', opacity=1.0, ori=0.0, pos=array([-8.,  0.]), size=array([8., 8.]), texRes=128, units='cm', win=Window(...))
8.1665 	EXP 	Created image_rune_right1 = ImageStim(__class__=<class 'psychopy.visual.image.ImageStim'>, autoLog=True, color=array([1., 1., 1.]), colorSpace='rgb', contrast=1.0, depth=-1.0, flipHoriz=False, flipVert=False, image='sin', interpolate=False, mask=None, maskParams=None, name='image_rune_right1', opacity=1.0, ori=0.0, pos=array([8., 0.]), size=array([8., 8.]), texRes=128, units='cm', win=Window(...))
8.1681 	EXP 	Created image_rune_mid1 = ImageStim(__class__=<class 'psychopy.visual.image.ImageStim'>, autoLog=True, color=array([1., 1., 1.]), colorSpace='rgb', contrast=1.0, depth=-2.0, flipHoriz=False, flipVert=False, image='sin', interpolate=False, mask=None, maskParams=None, name='image_rune_mid1', opacity=1.0, ori=0.0, pos=array([0., 0.]), size=array([8., 8.]), texRes=128, units='cm', win=Window(...))
8.1842 	EXP 	Sound sound_phoneme set volume 1.000
8.1913 	EXP 	Created text_listen = TextStim(__class__=<class 'psychopy.visual.text.TextStim'>, alignHoriz=method-wrapper(...), alignText='center', alignVert=method-wrapper(...), anchorHoriz='center', anchorVert='center', antialias=True, autoLog=True, bold=False, color='red', colorSpace='named', contrast=1.0, depth=-4.0, flipHoriz=False, flipVert=False, font='Arial', fontFiles=[], height=0.6, italic=False, languageStyle='LTR', name='text_listen', opacity=1.0, ori=0, pos=array([ 0., 10.]), rgb=array([255.,   0.,   0.]), text='Listen!', units='cm', win=Window(...), wrapWidth=15.0)
8.1931 	EXP 	Created image_rune_left = ImageStim(__class__=<class 'psychopy.visual.image.ImageStim'>, autoLog=True, color=array([1., 1., 1.]), colorSpace='rgb', contrast=1.0, depth=-1.0, flipHoriz=False, flipVert=False, image='sin', interpolate=False, mask=None, maskParams=None, name='image_rune_left', opacity=1.0, ori=0.0, pos=array([-8.,  0.]), size=array([8., 8.]), texRes=128, units='cm', win=Window(...))
8.1953 	EXP 	Created image_rune_right = ImageStim(__class__=<class 'psychopy.visual.image.ImageStim'>, autoLog=True, color=array([1., 1., 1.]), colorSpace='rgb', contrast=1.0, depth=-2.0, flipHoriz=False, flipVert=False, image='sin', interpolate=False, mask=None, maskParams=None, name='image_rune_right', opacity=1.0, ori=0.0, pos=array([8., 0.]), size=array([8., 8.]), texRes=128, units='cm', win=Window(...))
8.1971 	EXP 	Created image_rune_mid = ImageStim(__class__=<class 'psychopy.visual.image.ImageStim'>, autoLog=True, color=array([1., 1., 1.]), colorSpace='rgb', contrast=1.0, depth=-3.0, flipHoriz=False, flipVert=False, image='sin', interpolate=False, mask=None, maskParams=None, name='image_rune_mid', opacity=1.0, ori=0.0, pos=array([0., 0.]), size=array([8., 8.]), texRes=128, units='cm', win=Window(...))
8.1989 	EXP 	Created image_speaker_left = ImageStim(__class__=<class 'psychopy.visual.image.ImageStim'>, autoLog=True, color=array([1., 1., 1.]), colorSpace='rgb', contrast=1.0, depth=-4.0, flipHoriz=False, flipVert=False, image='sin', interpolate=True, mask=None, maskParams=None, name='image_speaker_left', opacity=1.0, ori=0.0, pos=array([-8., -8.]), size=array([2., 2.]), texRes=128, units='cm', win=Window(...))
8.2008 	EXP 	Created image_speaker_right = ImageStim(__class__=<class 'psychopy.visual.image.ImageStim'>, autoLog=True, color=array([1., 1., 1.]), colorSpace='rgb', contrast=1.0, depth=-5.0, flipHoriz=False, flipVert=False, image='sin', interpolate=True, mask=None, maskParams=None, name='image_speaker_right', opacity=1.0, ori=0.0, pos=array([ 8., -8.]), size=array([2., 2.]), texRes=128, units='cm', win=Window(...))
8.2037 	EXP 	Created image_speaker_mid = ImageStim(__class__=<class 'psychopy.visual.image.ImageStim'>, autoLog=True, color=array([1., 1., 1.]), colorSpace='rgb', contrast=1.0, depth=-6.0, flipHoriz=False, flipVert=False, image='sin', interpolate=True, mask=None, maskParams=None, name='image_speaker_mid', opacity=1.0, ori=0.0, pos=array([ 0., -8.]), size=array([2., 2.]), texRes=128, units='cm', win=Window(...))
8.2343 	EXP 	Created text_practice = TextStim(__class__=<class 'psychopy.visual.text.TextStim'>, alignHoriz=method-wrapper(...), alignText='center', alignVert=method-wrapper(...), anchorHoriz='center', anchorVert='center', antialias=True, autoLog=True, bold=False, color='red', colorSpace='named', contrast=1.0, depth=-7.0, flipHoriz=False, flipVert=False, font='Arial', fontFiles=[], height=0.6, italic=False, languageStyle='LTR', name='text_practice', opacity=1.0, ori=0, pos=array([ 0., 10.]), rgb=array([255.,   0.,   0.]), text=str(...), units='cm', win=Window(...), wrapWidth=1500)
8.2793 	EXP 	Sound phoneme_practice1 set volume 1.000
8.2804 	EXP 	Created blank500 = TextStim(__class__=<class 'psychopy.visual.text.TextStim'>, alignHoriz=method-wrapper(...), alignText='center', alignVert=method-wrapper(...), anchorHoriz='center', anchorVert='center', antialias=True, autoLog=True, bold=False, color='white', colorSpace='named', contrast=1.0, depth=0.0, flipHoriz=False, flipVert=False, font='Arial', fontFiles=[], height=0.1, italic=False, languageStyle='LTR', name='blank500', opacity=1.0, ori=0, pos=array([0., 0.]), rgb=array([255., 255., 255.]), text='', units='cm', win=Window(...), wrapWidth=15.0)
8.3039 	EXP 	Created text_prompt_consonants = TextStim(__class__=<class 'psychopy.visual.text.TextStim'>, alignHoriz=method-wrapper(...), alignText='center', alignVert=method-wrapper(...), anchorHoriz='center', anchorVert='center', antialias=True, autoLog=True, bold=False, color='black', colorSpace='named', contrast=1.0, depth=0.0, flipHoriz=False, flipVert=False, font='Arial', fontFiles=[], height=0.7, italic=False, languageStyle='LTR', name='text_prompt_consonants', opacity=1.0, ori=0, pos=array([0., 0.]), rgb=array([0., 0., 0.]), text=str(...), units='cm', win=Window(...), wrapWidth=1500)
8.3237 	EXP 	Created blank500 = TextStim(__class__=<class 'psychopy.visual.text.TextStim'>, alignHoriz=method-wrapper(...), alignText='center', alignVert=method-wrapper(...), anchorHoriz='center', anchorVert='center', antialias=True, autoLog=True, bold=False, color='white', colorSpace='named', contrast=1.0, depth=0.0, flipHoriz=False, flipVert=False, font='Arial', fontFiles=[], height=0.1, italic=False, languageStyle='LTR', name='blank500', opacity=1.0, ori=0, pos=array([0., 0.]), rgb=array([255., 255., 255.]), text='', units='cm', win=Window(...), wrapWidth=15.0)
8.3264 	EXP 	Created image_rune_left1 = ImageStim(__class__=<class 'psychopy.visual.image.ImageStim'>, autoLog=True, color=array([1., 1., 1.]), colorSpace='rgb', contrast=1.0, depth=0.0, flipHoriz=False, flipVert=False, image='sin', interpolate=False, mask=None, maskParams=None, name='image_rune_left1', opacity=1.0, ori=0.0, pos=array([-8.,  0.]), size=array([8., 8.]), texRes=128, units='cm', win=Window(...))
8.3293 	EXP 	Created image_rune_right1 = ImageStim(__class__=<class 'psychopy.visual.image.ImageStim'>, autoLog=True, color=array([1., 1., 1.]), colorSpace='rgb', contrast=1.0, depth=-1.0, flipHoriz=False, flipVert=False, image='sin', interpolate=False, mask=None, maskParams=None, name='image_rune_right1', opacity=1.0, ori=0.0, pos=array([8., 0.]), size=array([8., 8.]), texRes=128, units='cm', win=Window(...))
8.3321 	EXP 	Created image_rune_mid1 = ImageStim(__class__=<class 'psychopy.visual.image.ImageStim'>, autoLog=True, color=array([1., 1., 1.]), colorSpace='rgb', contrast=1.0, depth=-2.0, flipHoriz=False, flipVert=False, image='sin', interpolate=False, mask=None, maskParams=None, name='image_rune_mid1', opacity=1.0, ori=0.0, pos=array([0., 0.]), size=array([8., 8.]), texRes=128, units='cm', win=Window(...))
8.3324 	EXP 	Sound sound_phoneme set volume 1.000
8.3353 	EXP 	Created text_listen = TextStim(__class__=<class 'psychopy.visual.text.TextStim'>, alignHoriz=method-wrapper(...), alignText='center', alignVert=method-wrapper(...), anchorHoriz='center', anchorVert='center', antialias=True, autoLog=True, bold=False, color='red', colorSpace='named', contrast=1.0, depth=-4.0, flipHoriz=False, flipVert=False, font='Arial', fontFiles=[], height=0.6, italic=False, languageStyle='LTR', name='text_listen', opacity=1.0, ori=0, pos=array([ 0., 10.]), rgb=array([255.,   0.,   0.]), text='Listen!', units='cm', win=Window(...), wrapWidth=15.0)
8.3372 	EXP 	Created image_rune_left = ImageStim(__class__=<class 'psychopy.visual.image.ImageStim'>, autoLog=True, color=array([1., 1., 1.]), colorSpace='rgb', contrast=1.0, depth=-1.0, flipHoriz=False, flipVert=False, image='sin', interpolate=False, mask=None, maskParams=None, name='image_rune_left', opacity=1.0, ori=0.0, pos=array([-8.,  0.]), size=array([8., 8.]), texRes=128, units='cm', win=Window(...))
8.3390 	EXP 	Created image_rune_right = ImageStim(__class__=<class 'psychopy.visual.image.ImageStim'>, autoLog=True, color=array([1., 1., 1.]), colorSpace='rgb', contrast=1.0, depth=-2.0, flipHoriz=False, flipVert=False, image='sin', interpolate=False, mask=None, maskParams=None, name='image_rune_right', opacity=1.0, ori=0.0, pos=array([8., 0.]), size=array([8., 8.]), texRes=128, units='cm', win=Window(...))
8.3408 	EXP 	Created image_rune_mid = ImageStim(__class__=<class 'psychopy.visual.image.ImageStim'>, autoLog=True, color=array([1., 1., 1.]), colorSpace='rgb', contrast=1.0, depth=-3.0, flipHoriz=False, flipVert=False, image='sin', interpolate=False, mask=None, maskParams=None, name='image_rune_mid', opacity=1.0, ori=0.0, pos=array([0., 0.]), size=array([8., 8.]), texRes=128, units='cm', win=Window(...))
8.3428 	EXP 	Created image_speaker_left = ImageStim(__class__=<class 'psychopy.visual.image.ImageStim'>, autoLog=True, color=array([1., 1., 1.]), colorSpace='rgb', contrast=1.0, depth=-4.0, flipHoriz=False, flipVert=False, image='sin', interpolate=True, mask=None, maskParams=None, name='image_speaker_left', opacity=1.0, ori=0.0, pos=array([-8., -8.]), size=array([2., 2.]), texRes=128, units='cm', win=Window(...))
8.3448 	EXP 	Created image_speaker_right = ImageStim(__class__=<class 'psychopy.visual.image.ImageStim'>, autoLog=True, color=array([1., 1., 1.]), colorSpace='rgb', contrast=1.0, depth=-5.0, flipHoriz=False, flipVert=False, image='sin', interpolate=True, mask=None, maskParams=None, name='image_speaker_right', opacity=1.0, ori=0.0, pos=array([ 8., -8.]), size=array([2., 2.]), texRes=128, units='cm', win=Window(...))
8.3470 	EXP 	Created image_speaker_mid = ImageStim(__class__=<class 'psychopy.visual.image.ImageStim'>, autoLog=True, color=array([1., 1., 1.]), colorSpace='rgb', contrast=1.0, depth=-6.0, flipHoriz=False, flipVert=False, image='sin', interpolate=True, mask=None, maskParams=None, name='image_speaker_mid', opacity=1.0, ori=0.0, pos=array([ 0., -8.]), size=array([2., 2.]), texRes=128, units='cm', win=Window(...))
8.3558 	EXP 	Created text_practice = TextStim(__class__=<class 'psychopy.visual.text.TextStim'>, alignHoriz=method-wrapper(...), alignText='center', alignVert=method-wrapper(...), anchorHoriz='center', anchorVert='center', antialias=True, autoLog=True, bold=False, color='red', colorSpace='named', contrast=1.0, depth=-7.0, flipHoriz=False, flipVert=False, font='Arial', fontFiles=[], height=0.6, italic=False, languageStyle='LTR', name='text_practice', opacity=1.0, ori=0, pos=array([ 0., 10.]), rgb=array([255.,   0.,   0.]), text=str(...), units='cm', win=Window(...), wrapWidth=1500)
8.3975 	EXP 	Sound phoneme_practice1 set volume 1.000
8.3986 	EXP 	Created blank500 = TextStim(__class__=<class 'psychopy.visual.text.TextStim'>, alignHoriz=method-wrapper(...), alignText='center', alignVert=method-wrapper(...), anchorHoriz='center', anchorVert='center', antialias=True, autoLog=True, bold=False, color='white', colorSpace='named', contrast=1.0, depth=0.0, flipHoriz=False, flipVert=False, font='Arial', fontFiles=[], height=0.1, italic=False, languageStyle='LTR', name='blank500', opacity=1.0, ori=0, pos=array([0., 0.]), rgb=array([255., 255., 255.]), text='', units='cm', win=Window(...), wrapWidth=15.0)
8.4067 	EXP 	Created text = TextStim(__class__=<class 'psychopy.visual.text.TextStim'>, alignHoriz=method-wrapper(...), alignText='center', alignVert=method-wrapper(...), anchorHoriz='center', anchorVert='center', antialias=True, autoLog=True, bold=False, color='black', colorSpace='named', contrast=1.0, depth=0.0, flipHoriz=False, flipVert=False, font='Arial', fontFiles=[], height=0.7, italic=False, languageStyle='LTR', name='text', opacity=1.0, ori=0, pos=array([0., 0.]), rgb=array([0., 0., 0.]), text=str(...), units='cm', win=Window(...), wrapWidth=15.0)
8.4392 	EXP 	Created textz_end = TextStim(__class__=<class 'psychopy.visual.text.TextStim'>, alignHoriz=method-wrapper(...), alignText='center', alignVert=method-wrapper(...), anchorHoriz='center', anchorVert='center', antialias=True, autoLog=True, bold=False, color='black', colorSpace='named', contrast=1.0, depth=0.0, flipHoriz=False, flipVert=False, font='Arial', fontFiles=[], height=0.7, italic=False, languageStyle='LTR', name='textz_end', opacity=1.0, ori=0, pos=array([0., 0.]), rgb=array([0., 0., 0.]), text=str(...), units='cm', win=Window(...), wrapWidth=30)
8.4673 	EXP 	text_instructions: autoDraw = True
9.0264 	EXP 	Created sequence: sequential, trialTypes=1, nReps=5, seed=None
9.0268 	EXP 	New trial (rep=0, index=0): None
9.0326 	DATA 	Keypress: space
9.0589 	EXP 	text_instructions: autoDraw = False
9.0589 	EXP 	text_prompt_vowels: autoDraw = True
14.0192 	EXP 	Imported trial_conditions_v5.csv as conditions, 4 conditions, 10 params
14.0195 	EXP 	Created sequence: sequential, trialTypes=4, nReps=1, seed=None
14.0202 	EXP 	New trial (rep=0, index=0): OrderedDict([('pic1', 'pics/blank.jpg'), ('pic2', 'pics/blank.jpg'), ('pic3', 'pics/v3.png'), ('sound', 'sound/test.wav'), ('image_icon1', 'pics/blank.jpg'), ('image_icon2', 'pics/blank.jpg'), ('image_icon3', 'pics/speaker_icon.jpg'), ('sound1', 'sound/ih.wav'), ('sound2', 'sound/blank.wav'), ('condition', 'vowel')])
14.0240 	DATA 	Keypress: space
14.0424 	EXP 	text_prompt_vowels: autoDraw = False
14.0424 	EXP 	blank500: autoDraw = True
14.6652 	WARNING 	Requested image 'pics/v3.png' not found but similar filename 'pics/v3.jpg' exists. This will be used instead but changing the filename is advised.
14.7101 	EXP 	blank500: autoDraw = False
14.7101 	EXP 	image_rune_left1: image = 'pics/blank.jpg'
14.7101 	EXP 	image_rune_right1: image = 'pics/blank.jpg'
14.7101 	EXP 	image_rune_mid1: image = 'pics/v3.png'
14.7101 	EXP 	text_listen: autoDraw = True
15.2258 	EXP 	image_rune_left1: autoDraw = True
15.2258 	EXP 	image_rune_right1: autoDraw = True
15.2258 	EXP 	image_rune_mid1: autoDraw = True
21.7398 	WARNING 	Requested image 'pics/v3.png' not found but similar filename 'pics/v3.jpg' exists. This will be used instead but changing the filename is advised.
21.9139 	EXP 	image_rune_left1: autoDraw = False
21.9139 	EXP 	image_rune_right1: autoDraw = False
21.9139 	EXP 	image_rune_mid1: autoDraw = False
21.9139 	EXP 	text_listen: autoDraw = False
21.9139 	EXP 	image_rune_left1: autoDraw = False
21.9139 	EXP 	image_rune_right1: autoDraw = False
21.9139 	EXP 	image_rune_mid1: autoDraw = False
21.9139 	EXP 	text_listen: autoDraw = False
21.9139 	EXP 	image_rune_left: image = 'pics/blank.jpg'
21.9139 	EXP 	image_rune_right: image = 'pics/blank.jpg'
21.9139 	EXP 	image_rune_mid: image = 'pics/v3.png'
21.9139 	EXP 	image_speaker_left: image = 'pics/blank.jpg'
21.9139 	EXP 	image_speaker_right: image = 'pics/blank.jpg'
21.9139 	EXP 	image_speaker_mid: image = 'pics/speaker_icon.jpg'
21.9139 	EXP 	image_rune_left: autoDraw = True
21.9139 	EXP 	image_rune_right: autoDraw = True
21.9139 	EXP 	image_rune_mid: autoDraw = True
22.5570 	EXP 	image_speaker_left: autoDraw = True
22.5570 	EXP 	image_speaker_right: autoDraw = True
22.5570 	EXP 	image_speaker_mid: autoDraw = True
22.5570 	EXP 	text_practice: autoDraw = True
24.8944 	DATA 	Keypress: left
25.3150 	EXP 	window1: mouseVisible = True
