0.9358 	WARNING 	We strongly recommend you activate the PTB sound engine in PsychoPy prefs as the preferred audio engine. Its timing is vastly superior. Your prefs are currently set to use ['sounddevice', 'PTB', 'pyo', 'pygame'] (in that order).
6.9208 	WARNING 	User requested fullscreen with size [2048 1152], but screen is actually [1440, 900]. Using actual size
7.6903 	EXP 	Created window1 = Window(allowGUI=False, allowStencil=False, args=UNKNOWN, autoLog=True, bitsMode=UNKNOWN, blendMode='avg', bpc=(8, 8, 8), color=array([1., 1., 1.]), colorSpace='rgb', depthBits=8, fullscr=<method-wrapper '__getattribute__' of attributeSetter object at 0x12fdb2c18>, gamma=None, gammaErrorPolicy='raise', kwargs=UNKNOWN, lms=UNKNOWN, monitor=<psychopy.monitors.calibTools.Monitor object at 0x12e369630>, multiSample=False, name='window1', numSamples=2, pos=[360.0, 225.0], screen=0, size=array([2880, 1800]), stencilBits=0, stereo=False, units='cm', useFBO=True, useRetina=True, viewOri=0.0, viewPos=None, viewScale=None, waitBlanking=True, winType='pyglet')
7.6904 	EXP 	window1: recordFrameIntervals = False
7.8570 	EXP 	window1: recordFrameIntervals = True
7.9439 	DATA 	Keypress: space
8.0398 	EXP 	window1: recordFrameIntervals = False
8.2033 	EXP 	Created text_instructions = TextStim(__class__=<class 'psychopy.visual.text.TextStim'>, alignHoriz=method-wrapper(...), alignText='center', alignVert=method-wrapper(...), anchorHoriz='center', anchorVert='center', antialias=True, autoLog=True, bold=False, color='black', colorSpace='named', contrast=1.0, depth=0.0, flipHoriz=False, flipVert=False, font='Arial', fontFiles=[], height=0.7, italic=False, languageStyle='LTR', name='text_instructions', opacity=1.0, ori=0, pos=array([0., 0.]), rgb=array([0., 0., 0.]), text=str(...), units='cm', win=Window(...), wrapWidth=30)
8.2448 	EXP 	Created text_prompt_vowels = TextStim(__class__=<class 'psychopy.visual.text.TextStim'>, alignHoriz=method-wrapper(...), alignText='center', alignVert=method-wrapper(...), anchorHoriz='center', anchorVert='center', antialias=True, autoLog=True, bold=False, color='black', colorSpace='named', contrast=1.0, depth=0.0, flipHoriz=False, flipVert=False, font='Arial', fontFiles=[], height=0.7, italic=False, languageStyle='LTR', name='text_prompt_vowels', opacity=1.0, ori=0, pos=array([0., 0.]), rgb=array([0., 0., 0.]), text=str(...), units='cm', win=Window(...), wrapWidth=1500)
8.2726 	EXP 	Created blank500 = TextStim(__class__=<class 'psychopy.visual.text.TextStim'>, alignHoriz=method-wrapper(...), alignText='center', alignVert=method-wrapper(...), anchorHoriz='center', anchorVert='center', antialias=True, autoLog=True, bold=False, color='white', colorSpace='named', contrast=1.0, depth=0.0, flipHoriz=False, flipVert=False, font='Arial', fontFiles=[], height=0.1, italic=False, languageStyle='LTR', name='blank500', opacity=1.0, ori=0, pos=array([0., 0.]), rgb=array([255., 255., 255.]), text='', units='cm', win=Window(...), wrapWidth=15.0)
8.2760 	EXP 	Created image_rune_left1 = ImageStim(__class__=<class 'psychopy.visual.image.ImageStim'>, autoLog=True, color=array([1., 1., 1.]), colorSpace='rgb', contrast=1.0, depth=0.0, flipHoriz=False, flipVert=False, image='sin', interpolate=False, mask=None, maskParams=None, name='image_rune_left1', opacity=1.0, ori=0.0, pos=array([-8.,  0.]), size=array([8., 8.]), texRes=128, units='cm', win=Window(...))
8.2788 	EXP 	Created image_rune_right1 = ImageStim(__class__=<class 'psychopy.visual.image.ImageStim'>, autoLog=True, color=array([1., 1., 1.]), colorSpace='rgb', contrast=1.0, depth=-1.0, flipHoriz=False, flipVert=False, image='sin', interpolate=False, mask=None, maskParams=None, name='image_rune_right1', opacity=1.0, ori=0.0, pos=array([8., 0.]), size=array([8., 8.]), texRes=128, units='cm', win=Window(...))
8.2813 	EXP 	Created image_rune_mid1 = ImageStim(__class__=<class 'psychopy.visual.image.ImageStim'>, autoLog=True, color=array([1., 1., 1.]), colorSpace='rgb', contrast=1.0, depth=-2.0, flipHoriz=False, flipVert=False, image='sin', interpolate=False, mask=None, maskParams=None, name='image_rune_mid1', opacity=1.0, ori=0.0, pos=array([0., 0.]), size=array([8., 8.]), texRes=128, units='cm', win=Window(...))
8.2999 	EXP 	Sound sound_phoneme set volume 1.000
8.3088 	EXP 	Created text_listen = TextStim(__class__=<class 'psychopy.visual.text.TextStim'>, alignHoriz=method-wrapper(...), alignText='center', alignVert=method-wrapper(...), anchorHoriz='center', anchorVert='center', antialias=True, autoLog=True, bold=False, color='red', colorSpace='named', contrast=1.0, depth=-4.0, flipHoriz=False, flipVert=False, font='Arial', fontFiles=[], height=0.6, italic=False, languageStyle='LTR', name='text_listen', opacity=1.0, ori=0, pos=array([ 0., 10.]), rgb=array([255.,   0.,   0.]), text='Listen!', units='cm', win=Window(...), wrapWidth=15.0)
8.3116 	EXP 	Created image_rune_left = ImageStim(__class__=<class 'psychopy.visual.image.ImageStim'>, autoLog=True, color=array([1., 1., 1.]), colorSpace='rgb', contrast=1.0, depth=0.0, flipHoriz=False, flipVert=False, image='sin', interpolate=False, mask=None, maskParams=None, name='image_rune_left', opacity=1.0, ori=0.0, pos=array([-8.,  0.]), size=array([8., 8.]), texRes=128, units='cm', win=Window(...))
8.3140 	EXP 	Created image_rune_right = ImageStim(__class__=<class 'psychopy.visual.image.ImageStim'>, autoLog=True, color=array([1., 1., 1.]), colorSpace='rgb', contrast=1.0, depth=-1.0, flipHoriz=False, flipVert=False, image='sin', interpolate=False, mask=None, maskParams=None, name='image_rune_right', opacity=1.0, ori=0.0, pos=array([8., 0.]), size=array([8., 8.]), texRes=128, units='cm', win=Window(...))
8.3158 	EXP 	Created image_rune_mid = ImageStim(__class__=<class 'psychopy.visual.image.ImageStim'>, autoLog=True, color=array([1., 1., 1.]), colorSpace='rgb', contrast=1.0, depth=-2.0, flipHoriz=False, flipVert=False, image='sin', interpolate=False, mask=None, maskParams=None, name='image_rune_mid', opacity=1.0, ori=0.0, pos=array([0., 0.]), size=array([8., 8.]), texRes=128, units='cm', win=Window(...))
8.3188 	EXP 	Created image_speaker_left = ImageStim(__class__=<class 'psychopy.visual.image.ImageStim'>, autoLog=True, color=array([1., 1., 1.]), colorSpace='rgb', contrast=1.0, depth=-3.0, flipHoriz=False, flipVert=False, image='sin', interpolate=True, mask=None, maskParams=None, name='image_speaker_left', opacity=1.0, ori=0.0, pos=array([-8., -8.]), size=array([2., 2.]), texRes=128, units='cm', win=Window(...))
8.3207 	EXP 	Created image_speaker_right = ImageStim(__class__=<class 'psychopy.visual.image.ImageStim'>, autoLog=True, color=array([1., 1., 1.]), colorSpace='rgb', contrast=1.0, depth=-4.0, flipHoriz=False, flipVert=False, image='sin', interpolate=True, mask=None, maskParams=None, name='image_speaker_right', opacity=1.0, ori=0.0, pos=array([ 8., -8.]), size=array([2., 2.]), texRes=128, units='cm', win=Window(...))
8.3224 	EXP 	Created image_speaker_mid = ImageStim(__class__=<class 'psychopy.visual.image.ImageStim'>, autoLog=True, color=array([1., 1., 1.]), colorSpace='rgb', contrast=1.0, depth=-5.0, flipHoriz=False, flipVert=False, image='sin', interpolate=True, mask=None, maskParams=None, name='image_speaker_mid', opacity=1.0, ori=0.0, pos=array([ 0., -8.]), size=array([2., 2.]), texRes=128, units='cm', win=Window(...))
8.3525 	EXP 	Created text_practice = TextStim(__class__=<class 'psychopy.visual.text.TextStim'>, alignHoriz=method-wrapper(...), alignText='center', alignVert=method-wrapper(...), anchorHoriz='center', anchorVert='center', antialias=True, autoLog=True, bold=False, color='red', colorSpace='named', contrast=1.0, depth=-6.0, flipHoriz=False, flipVert=False, font='Arial', fontFiles=[], height=0.6, italic=False, languageStyle='LTR', name='text_practice', opacity=1.0, ori=0, pos=array([ 0., 10.]), rgb=array([255.,   0.,   0.]), text=str(...), units='cm', win=Window(...), wrapWidth=1500)
8.3760 	EXP 	Sound phoneme_practice1 set volume 1.000
8.3770 	EXP 	Created blank500 = TextStim(__class__=<class 'psychopy.visual.text.TextStim'>, alignHoriz=method-wrapper(...), alignText='center', alignVert=method-wrapper(...), anchorHoriz='center', anchorVert='center', antialias=True, autoLog=True, bold=False, color='white', colorSpace='named', contrast=1.0, depth=0.0, flipHoriz=False, flipVert=False, font='Arial', fontFiles=[], height=0.1, italic=False, languageStyle='LTR', name='blank500', opacity=1.0, ori=0, pos=array([0., 0.]), rgb=array([255., 255., 255.]), text='', units='cm', win=Window(...), wrapWidth=15.0)
8.4006 	EXP 	Created text_prompt_consonants = TextStim(__class__=<class 'psychopy.visual.text.TextStim'>, alignHoriz=method-wrapper(...), alignText='center', alignVert=method-wrapper(...), anchorHoriz='center', anchorVert='center', antialias=True, autoLog=True, bold=False, color='black', colorSpace='named', contrast=1.0, depth=0.0, flipHoriz=False, flipVert=False, font='Arial', fontFiles=[], height=0.7, italic=False, languageStyle='LTR', name='text_prompt_consonants', opacity=1.0, ori=0, pos=array([0., 0.]), rgb=array([0., 0., 0.]), text=str(...), units='cm', win=Window(...), wrapWidth=1500)
8.4193 	EXP 	Created blank500 = TextStim(__class__=<class 'psychopy.visual.text.TextStim'>, alignHoriz=method-wrapper(...), alignText='center', alignVert=method-wrapper(...), anchorHoriz='center', anchorVert='center', antialias=True, autoLog=True, bold=False, color='white', colorSpace='named', contrast=1.0, depth=0.0, flipHoriz=False, flipVert=False, font='Arial', fontFiles=[], height=0.1, italic=False, languageStyle='LTR', name='blank500', opacity=1.0, ori=0, pos=array([0., 0.]), rgb=array([255., 255., 255.]), text='', units='cm', win=Window(...), wrapWidth=15.0)
8.4212 	EXP 	Created image_rune_left1 = ImageStim(__class__=<class 'psychopy.visual.image.ImageStim'>, autoLog=True, color=array([1., 1., 1.]), colorSpace='rgb', contrast=1.0, depth=0.0, flipHoriz=False, flipVert=False, image='sin', interpolate=False, mask=None, maskParams=None, name='image_rune_left1', opacity=1.0, ori=0.0, pos=array([-8.,  0.]), size=array([8., 8.]), texRes=128, units='cm', win=Window(...))
8.4235 	EXP 	Created image_rune_right1 = ImageStim(__class__=<class 'psychopy.visual.image.ImageStim'>, autoLog=True, color=array([1., 1., 1.]), colorSpace='rgb', contrast=1.0, depth=-1.0, flipHoriz=False, flipVert=False, image='sin', interpolate=False, mask=None, maskParams=None, name='image_rune_right1', opacity=1.0, ori=0.0, pos=array([8., 0.]), size=array([8., 8.]), texRes=128, units='cm', win=Window(...))
8.4257 	EXP 	Created image_rune_mid1 = ImageStim(__class__=<class 'psychopy.visual.image.ImageStim'>, autoLog=True, color=array([1., 1., 1.]), colorSpace='rgb', contrast=1.0, depth=-2.0, flipHoriz=False, flipVert=False, image='sin', interpolate=False, mask=None, maskParams=None, name='image_rune_mid1', opacity=1.0, ori=0.0, pos=array([0., 0.]), size=array([8., 8.]), texRes=128, units='cm', win=Window(...))
8.4259 	EXP 	Sound sound_phoneme set volume 1.000
8.4284 	EXP 	Created text_listen = TextStim(__class__=<class 'psychopy.visual.text.TextStim'>, alignHoriz=method-wrapper(...), alignText='center', alignVert=method-wrapper(...), anchorHoriz='center', anchorVert='center', antialias=True, autoLog=True, bold=False, color='red', colorSpace='named', contrast=1.0, depth=-4.0, flipHoriz=False, flipVert=False, font='Arial', fontFiles=[], height=0.6, italic=False, languageStyle='LTR', name='text_listen', opacity=1.0, ori=0, pos=array([ 0., 10.]), rgb=array([255.,   0.,   0.]), text='Listen!', units='cm', win=Window(...), wrapWidth=15.0)
8.4307 	EXP 	Created image_rune_left = ImageStim(__class__=<class 'psychopy.visual.image.ImageStim'>, autoLog=True, color=array([1., 1., 1.]), colorSpace='rgb', contrast=1.0, depth=0.0, flipHoriz=False, flipVert=False, image='sin', interpolate=False, mask=None, maskParams=None, name='image_rune_left', opacity=1.0, ori=0.0, pos=array([-8.,  0.]), size=array([8., 8.]), texRes=128, units='cm', win=Window(...))
8.4328 	EXP 	Created image_rune_right = ImageStim(__class__=<class 'psychopy.visual.image.ImageStim'>, autoLog=True, color=array([1., 1., 1.]), colorSpace='rgb', contrast=1.0, depth=-1.0, flipHoriz=False, flipVert=False, image='sin', interpolate=False, mask=None, maskParams=None, name='image_rune_right', opacity=1.0, ori=0.0, pos=array([8., 0.]), size=array([8., 8.]), texRes=128, units='cm', win=Window(...))
8.4346 	EXP 	Created image_rune_mid = ImageStim(__class__=<class 'psychopy.visual.image.ImageStim'>, autoLog=True, color=array([1., 1., 1.]), colorSpace='rgb', contrast=1.0, depth=-2.0, flipHoriz=False, flipVert=False, image='sin', interpolate=False, mask=None, maskParams=None, name='image_rune_mid', opacity=1.0, ori=0.0, pos=array([0., 0.]), size=array([8., 8.]), texRes=128, units='cm', win=Window(...))
8.4366 	EXP 	Created image_speaker_left = ImageStim(__class__=<class 'psychopy.visual.image.ImageStim'>, autoLog=True, color=array([1., 1., 1.]), colorSpace='rgb', contrast=1.0, depth=-3.0, flipHoriz=False, flipVert=False, image='sin', interpolate=True, mask=None, maskParams=None, name='image_speaker_left', opacity=1.0, ori=0.0, pos=array([-8., -8.]), size=array([2., 2.]), texRes=128, units='cm', win=Window(...))
8.4388 	EXP 	Created image_speaker_right = ImageStim(__class__=<class 'psychopy.visual.image.ImageStim'>, autoLog=True, color=array([1., 1., 1.]), colorSpace='rgb', contrast=1.0, depth=-4.0, flipHoriz=False, flipVert=False, image='sin', interpolate=True, mask=None, maskParams=None, name='image_speaker_right', opacity=1.0, ori=0.0, pos=array([ 8., -8.]), size=array([2., 2.]), texRes=128, units='cm', win=Window(...))
8.4409 	EXP 	Created image_speaker_mid = ImageStim(__class__=<class 'psychopy.visual.image.ImageStim'>, autoLog=True, color=array([1., 1., 1.]), colorSpace='rgb', contrast=1.0, depth=-5.0, flipHoriz=False, flipVert=False, image='sin', interpolate=True, mask=None, maskParams=None, name='image_speaker_mid', opacity=1.0, ori=0.0, pos=array([ 0., -8.]), size=array([2., 2.]), texRes=128, units='cm', win=Window(...))
8.4494 	EXP 	Created text_practice = TextStim(__class__=<class 'psychopy.visual.text.TextStim'>, alignHoriz=method-wrapper(...), alignText='center', alignVert=method-wrapper(...), anchorHoriz='center', anchorVert='center', antialias=True, autoLog=True, bold=False, color='red', colorSpace='named', contrast=1.0, depth=-6.0, flipHoriz=False, flipVert=False, font='Arial', fontFiles=[], height=0.6, italic=False, languageStyle='LTR', name='text_practice', opacity=1.0, ori=0, pos=array([ 0., 10.]), rgb=array([255.,   0.,   0.]), text=str(...), units='cm', win=Window(...), wrapWidth=1500)
8.4677 	EXP 	Sound phoneme_practice1 set volume 1.000
8.4686 	EXP 	Created blank500 = TextStim(__class__=<class 'psychopy.visual.text.TextStim'>, alignHoriz=method-wrapper(...), alignText='center', alignVert=method-wrapper(...), anchorHoriz='center', anchorVert='center', antialias=True, autoLog=True, bold=False, color='white', colorSpace='named', contrast=1.0, depth=0.0, flipHoriz=False, flipVert=False, font='Arial', fontFiles=[], height=0.1, italic=False, languageStyle='LTR', name='blank500', opacity=1.0, ori=0, pos=array([0., 0.]), rgb=array([255., 255., 255.]), text='', units='cm', win=Window(...), wrapWidth=15.0)
8.4769 	EXP 	Created text = TextStim(__class__=<class 'psychopy.visual.text.TextStim'>, alignHoriz=method-wrapper(...), alignText='center', alignVert=method-wrapper(...), anchorHoriz='center', anchorVert='center', antialias=True, autoLog=True, bold=False, color='black', colorSpace='named', contrast=1.0, depth=0.0, flipHoriz=False, flipVert=False, font='Arial', fontFiles=[], height=0.7, italic=False, languageStyle='LTR', name='text', opacity=1.0, ori=0, pos=array([0., 0.]), rgb=array([0., 0., 0.]), text=str(...), units='cm', win=Window(...), wrapWidth=15.0)
8.5039 	EXP 	Created textz_end = TextStim(__class__=<class 'psychopy.visual.text.TextStim'>, alignHoriz=method-wrapper(...), alignText='center', alignVert=method-wrapper(...), anchorHoriz='center', anchorVert='center', antialias=True, autoLog=True, bold=False, color='black', colorSpace='named', contrast=1.0, depth=0.0, flipHoriz=False, flipVert=False, font='Arial', fontFiles=[], height=0.7, italic=False, languageStyle='LTR', name='textz_end', opacity=1.0, ori=0, pos=array([0., 0.]), rgb=array([0., 0., 0.]), text=str(...), units='cm', win=Window(...), wrapWidth=30)
8.5303 	EXP 	text_instructions: autoDraw = True
8.8402 	EXP 	Created sequence: sequential, trialTypes=1, nReps=5, seed=None
8.8407 	EXP 	New trial (rep=0, index=0): None
8.8438 	DATA 	Keypress: space
8.8572 	EXP 	text_instructions: autoDraw = False
8.8572 	EXP 	text_prompt_vowels: autoDraw = True
9.4203 	EXP 	Imported trial_conditions_v5.csv as conditions, 4 conditions, 10 params
9.4206 	EXP 	Created sequence: sequential, trialTypes=4, nReps=1, seed=None
9.4212 	EXP 	New trial (rep=0, index=0): OrderedDict([('pic1', 'pics/blank.jpg'), ('pic2', 'pics/blank.jpg'), ('pic3', 'pics/v3.png'), ('sound', 'sound/test.wav'), ('image_icon1', 'pics/blank.jpg'), ('image_icon2', 'pics/blank.jpg'), ('image_icon3', 'pics/speaker_icon.jpg'), ('sound1', 'sound/ih.wav'), ('sound2', 'sound/blank.wav'), ('condition', 'vowel')])
9.4240 	DATA 	Keypress: space
9.4393 	EXP 	text_prompt_vowels: autoDraw = False
9.4393 	EXP 	blank500: autoDraw = True
10.0595 	WARNING 	Requested image 'pics/v3.png' not found but similar filename 'pics/v3.jpg' exists. This will be used instead but changing the filename is advised.
10.0934 	EXP 	blank500: autoDraw = False
10.0934 	EXP 	image_rune_left1: image = 'pics/blank.jpg'
10.0934 	EXP 	image_rune_right1: image = 'pics/blank.jpg'
10.0934 	EXP 	image_rune_mid1: image = 'pics/v3.png'
10.0934 	EXP 	text_listen: autoDraw = True
10.6057 	EXP 	image_rune_left1: autoDraw = True
10.6057 	EXP 	image_rune_right1: autoDraw = True
10.6057 	EXP 	image_rune_mid1: autoDraw = True
17.1215 	WARNING 	Requested image 'pics/v3.png' not found but similar filename 'pics/v3.jpg' exists. This will be used instead but changing the filename is advised.
17.3264 	EXP 	image_rune_left1: autoDraw = False
17.3264 	EXP 	image_rune_right1: autoDraw = False
17.3264 	EXP 	image_rune_mid1: autoDraw = False
17.3264 	EXP 	text_listen: autoDraw = False
17.3264 	EXP 	image_rune_left1: autoDraw = False
17.3264 	EXP 	image_rune_right1: autoDraw = False
17.3264 	EXP 	image_rune_mid1: autoDraw = False
17.3264 	EXP 	text_listen: autoDraw = False
17.3264 	EXP 	image_rune_left: image = 'pics/blank.jpg'
17.3264 	EXP 	image_rune_right: image = 'pics/blank.jpg'
17.3264 	EXP 	image_rune_mid: image = 'pics/v3.png'
17.3264 	EXP 	image_speaker_left: image = 'pics/blank.jpg'
17.3264 	EXP 	image_speaker_right: image = 'pics/blank.jpg'
17.3264 	EXP 	image_speaker_mid: image = 'pics/speaker_icon.jpg'
17.3264 	EXP 	image_rune_left: autoDraw = True
17.3264 	EXP 	image_rune_right: autoDraw = True
17.3264 	EXP 	image_rune_mid: autoDraw = True
17.9723 	EXP 	image_speaker_left: autoDraw = True
17.9723 	EXP 	image_speaker_right: autoDraw = True
17.9723 	EXP 	image_speaker_mid: autoDraw = True
17.9723 	EXP 	text_practice: autoDraw = True
19.3580 	DATA 	Keypress: space
20.6256 	DATA 	Keypress: left
22.3070 	DATA 	Keypress: down
23.2756 	DATA 	Keypress: right
23.6404 	DATA 	Keypress: right
24.0919 	DATA 	Keypress: up
24.6242 	DATA 	Keypress: left
25.3573 	DATA 	Keypress: space
25.6248 	DATA 	Keypress: space
26.1742 	DATA 	Keypress: d
26.2912 	DATA 	Keypress: f
26.4237 	DATA 	Keypress: s
26.8581 	DATA 	Keypress: 1
27.0423 	DATA 	Keypress: 2
27.3081 	DATA 	Keypress: 2
27.9252 	DATA 	Keypress: escape
28.4481 	EXP 	window1: mouseVisible = True
