1.0240 	WARNING 	We strongly recommend you activate the PTB sound engine in PsychoPy prefs as the preferred audio engine. Its timing is vastly superior. Your prefs are currently set to use ['sounddevice', 'PTB', 'pyo', 'pygame'] (in that order).
9.0728 	WARNING 	User requested fullscreen with size [2048 1152], but screen is actually [1440, 900]. Using actual size
9.8307 	EXP 	Created window1 = Window(allowGUI=False, allowStencil=False, args=UNKNOWN, autoLog=True, bitsMode=UNKNOWN, blendMode='avg', bpc=(8, 8, 8), color=array([1., 1., 1.]), colorSpace='rgb', depthBits=8, fullscr=<method-wrapper '__getattribute__' of attributeSetter object at 0x13105da90>, gamma=None, gammaErrorPolicy='raise', kwargs=UNKNOWN, lms=UNKNOWN, monitor=<psychopy.monitors.calibTools.Monitor object at 0x12e29f4a8>, multiSample=False, name='window1', numSamples=2, pos=[360.0, 225.0], screen=0, size=array([2880, 1800]), stencilBits=0, stereo=False, units='cm', useFBO=True, useRetina=True, viewOri=0.0, viewPos=None, viewScale=None, waitBlanking=True, winType='pyglet')
9.8308 	EXP 	window1: recordFrameIntervals = False
9.9967 	EXP 	window1: recordFrameIntervals = True
10.1803 	EXP 	window1: recordFrameIntervals = False
10.3564 	EXP 	Created text_instructions = TextStim(__class__=<class 'psychopy.visual.text.TextStim'>, alignHoriz=method-wrapper(...), alignText='center', alignVert=method-wrapper(...), anchorHoriz='center', anchorVert='center', antialias=True, autoLog=True, bold=False, color='black', colorSpace='named', contrast=1.0, depth=0.0, flipHoriz=False, flipVert=False, font='Arial', fontFiles=[], height=0.7, italic=False, languageStyle='LTR', name='text_instructions', opacity=1.0, ori=0, pos=array([0., 0.]), rgb=array([0., 0., 0.]), text=str(...), units='cm', win=Window(...), wrapWidth=30)
10.3860 	EXP 	Created text_prompt_vowels = TextStim(__class__=<class 'psychopy.visual.text.TextStim'>, alignHoriz=method-wrapper(...), alignText='center', alignVert=method-wrapper(...), anchorHoriz='center', anchorVert='center', antialias=True, autoLog=True, bold=False, color='black', colorSpace='named', contrast=1.0, depth=0.0, flipHoriz=False, flipVert=False, font='Arial', fontFiles=[], height=0.7, italic=False, languageStyle='LTR', name='text_prompt_vowels', opacity=1.0, ori=0, pos=array([0., 0.]), rgb=array([0., 0., 0.]), text=str(...), units='cm', win=Window(...), wrapWidth=1500)
10.4057 	EXP 	Created blank500 = TextStim(__class__=<class 'psychopy.visual.text.TextStim'>, alignHoriz=method-wrapper(...), alignText='center', alignVert=method-wrapper(...), anchorHoriz='center', anchorVert='center', antialias=True, autoLog=True, bold=False, color='white', colorSpace='named', contrast=1.0, depth=0.0, flipHoriz=False, flipVert=False, font='Arial', fontFiles=[], height=0.1, italic=False, languageStyle='LTR', name='blank500', opacity=1.0, ori=0, pos=array([0., 0.]), rgb=array([255., 255., 255.]), text='', units='cm', win=Window(...), wrapWidth=15.0)
10.4081 	EXP 	Created image_rune_left1 = ImageStim(__class__=<class 'psychopy.visual.image.ImageStim'>, autoLog=True, color=array([1., 1., 1.]), colorSpace='rgb', contrast=1.0, depth=0.0, flipHoriz=False, flipVert=False, image='sin', interpolate=False, mask=None, maskParams=None, name='image_rune_left1', opacity=1.0, ori=0.0, pos=array([-8.,  0.]), size=array([8., 8.]), texRes=128, units='cm', win=Window(...))
10.4098 	EXP 	Created image_rune_right1 = ImageStim(__class__=<class 'psychopy.visual.image.ImageStim'>, autoLog=True, color=array([1., 1., 1.]), colorSpace='rgb', contrast=1.0, depth=-1.0, flipHoriz=False, flipVert=False, image='sin', interpolate=False, mask=None, maskParams=None, name='image_rune_right1', opacity=1.0, ori=0.0, pos=array([8., 0.]), size=array([8., 8.]), texRes=128, units='cm', win=Window(...))
10.4115 	EXP 	Created image_rune_mid1 = ImageStim(__class__=<class 'psychopy.visual.image.ImageStim'>, autoLog=True, color=array([1., 1., 1.]), colorSpace='rgb', contrast=1.0, depth=-2.0, flipHoriz=False, flipVert=False, image='sin', interpolate=False, mask=None, maskParams=None, name='image_rune_mid1', opacity=1.0, ori=0.0, pos=array([0., 0.]), size=array([8., 8.]), texRes=128, units='cm', win=Window(...))
10.4280 	EXP 	Sound sound_phoneme set volume 1.000
10.4362 	EXP 	Created text_listen = TextStim(__class__=<class 'psychopy.visual.text.TextStim'>, alignHoriz=method-wrapper(...), alignText='center', alignVert=method-wrapper(...), anchorHoriz='center', anchorVert='center', antialias=True, autoLog=True, bold=False, color='red', colorSpace='named', contrast=1.0, depth=-4.0, flipHoriz=False, flipVert=False, font='Arial', fontFiles=[], height=0.6, italic=False, languageStyle='LTR', name='text_listen', opacity=1.0, ori=0, pos=array([ 0., 10.]), rgb=array([255.,   0.,   0.]), text='Listen!', units='cm', win=Window(...), wrapWidth=15.0)
10.4387 	EXP 	Created image_rune_left = ImageStim(__class__=<class 'psychopy.visual.image.ImageStim'>, autoLog=True, color=array([1., 1., 1.]), colorSpace='rgb', contrast=1.0, depth=0.0, flipHoriz=False, flipVert=False, image='sin', interpolate=False, mask=None, maskParams=None, name='image_rune_left', opacity=1.0, ori=0.0, pos=array([-8.,  0.]), size=array([8., 8.]), texRes=128, units='cm', win=Window(...))
10.4406 	EXP 	Created image_rune_right = ImageStim(__class__=<class 'psychopy.visual.image.ImageStim'>, autoLog=True, color=array([1., 1., 1.]), colorSpace='rgb', contrast=1.0, depth=-1.0, flipHoriz=False, flipVert=False, image='sin', interpolate=False, mask=None, maskParams=None, name='image_rune_right', opacity=1.0, ori=0.0, pos=array([8., 0.]), size=array([8., 8.]), texRes=128, units='cm', win=Window(...))
10.4427 	EXP 	Created image_rune_mid = ImageStim(__class__=<class 'psychopy.visual.image.ImageStim'>, autoLog=True, color=array([1., 1., 1.]), colorSpace='rgb', contrast=1.0, depth=-2.0, flipHoriz=False, flipVert=False, image='sin', interpolate=False, mask=None, maskParams=None, name='image_rune_mid', opacity=1.0, ori=0.0, pos=array([0., 0.]), size=array([8., 8.]), texRes=128, units='cm', win=Window(...))
10.4446 	EXP 	Created image_speaker_left = ImageStim(__class__=<class 'psychopy.visual.image.ImageStim'>, autoLog=True, color=array([1., 1., 1.]), colorSpace='rgb', contrast=1.0, depth=-3.0, flipHoriz=False, flipVert=False, image='sin', interpolate=True, mask=None, maskParams=None, name='image_speaker_left', opacity=1.0, ori=0.0, pos=array([-8., -8.]), size=array([2., 2.]), texRes=128, units='cm', win=Window(...))
10.4478 	EXP 	Created image_speaker_right = ImageStim(__class__=<class 'psychopy.visual.image.ImageStim'>, autoLog=True, color=array([1., 1., 1.]), colorSpace='rgb', contrast=1.0, depth=-4.0, flipHoriz=False, flipVert=False, image='sin', interpolate=True, mask=None, maskParams=None, name='image_speaker_right', opacity=1.0, ori=0.0, pos=array([ 8., -8.]), size=array([2., 2.]), texRes=128, units='cm', win=Window(...))
10.4501 	EXP 	Created image_speaker_mid = ImageStim(__class__=<class 'psychopy.visual.image.ImageStim'>, autoLog=True, color=array([1., 1., 1.]), colorSpace='rgb', contrast=1.0, depth=-5.0, flipHoriz=False, flipVert=False, image='sin', interpolate=True, mask=None, maskParams=None, name='image_speaker_mid', opacity=1.0, ori=0.0, pos=array([ 0., -8.]), size=array([2., 2.]), texRes=128, units='cm', win=Window(...))
10.4819 	EXP 	Created text_practice = TextStim(__class__=<class 'psychopy.visual.text.TextStim'>, alignHoriz=method-wrapper(...), alignText='center', alignVert=method-wrapper(...), anchorHoriz='center', anchorVert='center', antialias=True, autoLog=True, bold=False, color='red', colorSpace='named', contrast=1.0, depth=-6.0, flipHoriz=False, flipVert=False, font='Arial', fontFiles=[], height=0.6, italic=False, languageStyle='LTR', name='text_practice', opacity=1.0, ori=0, pos=array([ 0., 10.]), rgb=array([255.,   0.,   0.]), text=str(...), units='cm', win=Window(...), wrapWidth=1500)
10.5054 	EXP 	Sound phoneme_practice1 set volume 1.000
10.5247 	EXP 	Created blank500 = TextStim(__class__=<class 'psychopy.visual.text.TextStim'>, alignHoriz=method-wrapper(...), alignText='center', alignVert=method-wrapper(...), anchorHoriz='center', anchorVert='center', antialias=True, autoLog=True, bold=False, color='white', colorSpace='named', contrast=1.0, depth=0.0, flipHoriz=False, flipVert=False, font='Arial', fontFiles=[], height=0.1, italic=False, languageStyle='LTR', name='blank500', opacity=1.0, ori=0, pos=array([0., 0.]), rgb=array([255., 255., 255.]), text='', units='cm', win=Window(...), wrapWidth=15.0)
10.5486 	EXP 	Created text_prompt_consonants = TextStim(__class__=<class 'psychopy.visual.text.TextStim'>, alignHoriz=method-wrapper(...), alignText='center', alignVert=method-wrapper(...), anchorHoriz='center', anchorVert='center', antialias=True, autoLog=True, bold=False, color='black', colorSpace='named', contrast=1.0, depth=0.0, flipHoriz=False, flipVert=False, font='Arial', fontFiles=[], height=0.7, italic=False, languageStyle='LTR', name='text_prompt_consonants', opacity=1.0, ori=0, pos=array([0., 0.]), rgb=array([0., 0., 0.]), text=str(...), units='cm', win=Window(...), wrapWidth=1500)
10.5683 	EXP 	Created blank500 = TextStim(__class__=<class 'psychopy.visual.text.TextStim'>, alignHoriz=method-wrapper(...), alignText='center', alignVert=method-wrapper(...), anchorHoriz='center', anchorVert='center', antialias=True, autoLog=True, bold=False, color='white', colorSpace='named', contrast=1.0, depth=0.0, flipHoriz=False, flipVert=False, font='Arial', fontFiles=[], height=0.1, italic=False, languageStyle='LTR', name='blank500', opacity=1.0, ori=0, pos=array([0., 0.]), rgb=array([255., 255., 255.]), text='', units='cm', win=Window(...), wrapWidth=15.0)
10.5704 	EXP 	Created image_rune_left1 = ImageStim(__class__=<class 'psychopy.visual.image.ImageStim'>, autoLog=True, color=array([1., 1., 1.]), colorSpace='rgb', contrast=1.0, depth=0.0, flipHoriz=False, flipVert=False, image='sin', interpolate=False, mask=None, maskParams=None, name='image_rune_left1', opacity=1.0, ori=0.0, pos=array([-8.,  0.]), size=array([8., 8.]), texRes=128, units='cm', win=Window(...))
10.5731 	EXP 	Created image_rune_right1 = ImageStim(__class__=<class 'psychopy.visual.image.ImageStim'>, autoLog=True, color=array([1., 1., 1.]), colorSpace='rgb', contrast=1.0, depth=-1.0, flipHoriz=False, flipVert=False, image='sin', interpolate=False, mask=None, maskParams=None, name='image_rune_right1', opacity=1.0, ori=0.0, pos=array([8., 0.]), size=array([8., 8.]), texRes=128, units='cm', win=Window(...))
10.5753 	EXP 	Created image_rune_mid1 = ImageStim(__class__=<class 'psychopy.visual.image.ImageStim'>, autoLog=True, color=array([1., 1., 1.]), colorSpace='rgb', contrast=1.0, depth=-2.0, flipHoriz=False, flipVert=False, image='sin', interpolate=False, mask=None, maskParams=None, name='image_rune_mid1', opacity=1.0, ori=0.0, pos=array([0., 0.]), size=array([8., 8.]), texRes=128, units='cm', win=Window(...))
10.5755 	EXP 	Sound sound_phoneme set volume 1.000
10.5779 	EXP 	Created text_listen = TextStim(__class__=<class 'psychopy.visual.text.TextStim'>, alignHoriz=method-wrapper(...), alignText='center', alignVert=method-wrapper(...), anchorHoriz='center', anchorVert='center', antialias=True, autoLog=True, bold=False, color='red', colorSpace='named', contrast=1.0, depth=-4.0, flipHoriz=False, flipVert=False, font='Arial', fontFiles=[], height=0.6, italic=False, languageStyle='LTR', name='text_listen', opacity=1.0, ori=0, pos=array([ 0., 10.]), rgb=array([255.,   0.,   0.]), text='Listen!', units='cm', win=Window(...), wrapWidth=15.0)
10.5799 	EXP 	Created image_rune_left = ImageStim(__class__=<class 'psychopy.visual.image.ImageStim'>, autoLog=True, color=array([1., 1., 1.]), colorSpace='rgb', contrast=1.0, depth=0.0, flipHoriz=False, flipVert=False, image='sin', interpolate=False, mask=None, maskParams=None, name='image_rune_left', opacity=1.0, ori=0.0, pos=array([-8.,  0.]), size=array([8., 8.]), texRes=128, units='cm', win=Window(...))
10.5819 	EXP 	Created image_rune_right = ImageStim(__class__=<class 'psychopy.visual.image.ImageStim'>, autoLog=True, color=array([1., 1., 1.]), colorSpace='rgb', contrast=1.0, depth=-1.0, flipHoriz=False, flipVert=False, image='sin', interpolate=False, mask=None, maskParams=None, name='image_rune_right', opacity=1.0, ori=0.0, pos=array([8., 0.]), size=array([8., 8.]), texRes=128, units='cm', win=Window(...))
10.5837 	EXP 	Created image_rune_mid = ImageStim(__class__=<class 'psychopy.visual.image.ImageStim'>, autoLog=True, color=array([1., 1., 1.]), colorSpace='rgb', contrast=1.0, depth=-2.0, flipHoriz=False, flipVert=False, image='sin', interpolate=False, mask=None, maskParams=None, name='image_rune_mid', opacity=1.0, ori=0.0, pos=array([0., 0.]), size=array([8., 8.]), texRes=128, units='cm', win=Window(...))
10.5856 	EXP 	Created image_speaker_left = ImageStim(__class__=<class 'psychopy.visual.image.ImageStim'>, autoLog=True, color=array([1., 1., 1.]), colorSpace='rgb', contrast=1.0, depth=-3.0, flipHoriz=False, flipVert=False, image='sin', interpolate=True, mask=None, maskParams=None, name='image_speaker_left', opacity=1.0, ori=0.0, pos=array([-8., -8.]), size=array([2., 2.]), texRes=128, units='cm', win=Window(...))
10.5878 	EXP 	Created image_speaker_right = ImageStim(__class__=<class 'psychopy.visual.image.ImageStim'>, autoLog=True, color=array([1., 1., 1.]), colorSpace='rgb', contrast=1.0, depth=-4.0, flipHoriz=False, flipVert=False, image='sin', interpolate=True, mask=None, maskParams=None, name='image_speaker_right', opacity=1.0, ori=0.0, pos=array([ 8., -8.]), size=array([2., 2.]), texRes=128, units='cm', win=Window(...))
10.5898 	EXP 	Created image_speaker_mid = ImageStim(__class__=<class 'psychopy.visual.image.ImageStim'>, autoLog=True, color=array([1., 1., 1.]), colorSpace='rgb', contrast=1.0, depth=-5.0, flipHoriz=False, flipVert=False, image='sin', interpolate=True, mask=None, maskParams=None, name='image_speaker_mid', opacity=1.0, ori=0.0, pos=array([ 0., -8.]), size=array([2., 2.]), texRes=128, units='cm', win=Window(...))
10.5987 	EXP 	Created text_practice = TextStim(__class__=<class 'psychopy.visual.text.TextStim'>, alignHoriz=method-wrapper(...), alignText='center', alignVert=method-wrapper(...), anchorHoriz='center', anchorVert='center', antialias=True, autoLog=True, bold=False, color='red', colorSpace='named', contrast=1.0, depth=-6.0, flipHoriz=False, flipVert=False, font='Arial', fontFiles=[], height=0.6, italic=False, languageStyle='LTR', name='text_practice', opacity=1.0, ori=0, pos=array([ 0., 10.]), rgb=array([255.,   0.,   0.]), text=str(...), units='cm', win=Window(...), wrapWidth=1500)
10.6167 	EXP 	Sound phoneme_practice1 set volume 1.000
10.6360 	EXP 	Created blank500 = TextStim(__class__=<class 'psychopy.visual.text.TextStim'>, alignHoriz=method-wrapper(...), alignText='center', alignVert=method-wrapper(...), anchorHoriz='center', anchorVert='center', antialias=True, autoLog=True, bold=False, color='white', colorSpace='named', contrast=1.0, depth=0.0, flipHoriz=False, flipVert=False, font='Arial', fontFiles=[], height=0.1, italic=False, languageStyle='LTR', name='blank500', opacity=1.0, ori=0, pos=array([0., 0.]), rgb=array([255., 255., 255.]), text='', units='cm', win=Window(...), wrapWidth=15.0)
10.6447 	EXP 	Created text = TextStim(__class__=<class 'psychopy.visual.text.TextStim'>, alignHoriz=method-wrapper(...), alignText='center', alignVert=method-wrapper(...), anchorHoriz='center', anchorVert='center', antialias=True, autoLog=True, bold=False, color='black', colorSpace='named', contrast=1.0, depth=0.0, flipHoriz=False, flipVert=False, font='Arial', fontFiles=[], height=0.7, italic=False, languageStyle='LTR', name='text', opacity=1.0, ori=0, pos=array([0., 0.]), rgb=array([0., 0., 0.]), text=str(...), units='cm', win=Window(...), wrapWidth=15.0)
10.6707 	EXP 	Created textz_end = TextStim(__class__=<class 'psychopy.visual.text.TextStim'>, alignHoriz=method-wrapper(...), alignText='center', alignVert=method-wrapper(...), anchorHoriz='center', anchorVert='center', antialias=True, autoLog=True, bold=False, color='black', colorSpace='named', contrast=1.0, depth=0.0, flipHoriz=False, flipVert=False, font='Arial', fontFiles=[], height=0.7, italic=False, languageStyle='LTR', name='textz_end', opacity=1.0, ori=0, pos=array([0., 0.]), rgb=array([0., 0., 0.]), text=str(...), units='cm', win=Window(...), wrapWidth=30)
10.6967 	EXP 	text_instructions: autoDraw = True
11.1341 	EXP 	Created sequence: sequential, trialTypes=1, nReps=5, seed=None
11.1344 	EXP 	New trial (rep=0, index=0): None
11.1390 	DATA 	Keypress: space
11.1636 	EXP 	text_instructions: autoDraw = False
11.1636 	EXP 	text_prompt_vowels: autoDraw = True
11.7571 	EXP 	Imported trial_conditions_v5.csv as conditions, 4 conditions, 10 params
11.7576 	EXP 	Created sequence: sequential, trialTypes=4, nReps=1, seed=None
11.7584 	EXP 	New trial (rep=0, index=0): OrderedDict([('pic1', 'pics/blank.jpg'), ('pic2', 'pics/blank.jpg'), ('pic3', 'pics/v3.png'), ('sound', 'sound/test.wav'), ('image_icon1', 'pics/blank.jpg'), ('image_icon2', 'pics/blank.jpg'), ('image_icon3', 'pics/speaker_icon.jpg'), ('sound1', 'sound/ih.wav'), ('sound2', 'sound/blank.wav'), ('condition', 'vowel')])
11.7619 	DATA 	Keypress: space
11.7804 	EXP 	text_prompt_vowels: autoDraw = False
11.7804 	EXP 	blank500: autoDraw = True
12.4426 	WARNING 	Requested image 'pics/v3.png' not found but similar filename 'pics/v3.jpg' exists. This will be used instead but changing the filename is advised.
12.4968 	EXP 	blank500: autoDraw = False
12.4968 	EXP 	image_rune_left1: image = 'pics/blank.jpg'
12.4968 	EXP 	image_rune_right1: image = 'pics/blank.jpg'
12.4968 	EXP 	image_rune_mid1: image = 'pics/v3.png'
12.4968 	EXP 	text_listen: autoDraw = True
12.9969 	EXP 	image_rune_left1: autoDraw = True
12.9969 	EXP 	image_rune_right1: autoDraw = True
12.9969 	EXP 	image_rune_mid1: autoDraw = True
19.5229 	WARNING 	Requested image 'pics/v3.png' not found but similar filename 'pics/v3.jpg' exists. This will be used instead but changing the filename is advised.
19.7280 	EXP 	image_rune_left1: autoDraw = False
19.7280 	EXP 	image_rune_right1: autoDraw = False
19.7280 	EXP 	image_rune_mid1: autoDraw = False
19.7280 	EXP 	text_listen: autoDraw = False
19.7280 	EXP 	image_rune_left1: autoDraw = False
19.7280 	EXP 	image_rune_right1: autoDraw = False
19.7280 	EXP 	image_rune_mid1: autoDraw = False
19.7280 	EXP 	text_listen: autoDraw = False
19.7280 	EXP 	image_rune_left: image = 'pics/blank.jpg'
19.7280 	EXP 	image_rune_right: image = 'pics/blank.jpg'
19.7280 	EXP 	image_rune_mid: image = 'pics/v3.png'
19.7280 	EXP 	image_speaker_left: image = 'pics/blank.jpg'
19.7280 	EXP 	image_speaker_right: image = 'pics/blank.jpg'
19.7280 	EXP 	image_speaker_mid: image = 'pics/speaker_icon.jpg'
19.7280 	EXP 	image_rune_left: autoDraw = True
19.7280 	EXP 	image_rune_right: autoDraw = True
19.7280 	EXP 	image_rune_mid: autoDraw = True
20.3627 	EXP 	image_speaker_left: autoDraw = True
20.3627 	EXP 	image_speaker_right: autoDraw = True
20.3627 	EXP 	image_speaker_mid: autoDraw = True
20.3627 	EXP 	text_practice: autoDraw = True
22.0370 	DATA 	Keypress: space
22.0603 	EXP 	image_rune_left: autoDraw = False
22.0603 	EXP 	image_rune_right: autoDraw = False
22.0603 	EXP 	image_rune_mid: autoDraw = False
22.0603 	EXP 	image_speaker_left: autoDraw = False
22.0603 	EXP 	image_speaker_right: autoDraw = False
22.0603 	EXP 	image_speaker_mid: autoDraw = False
22.0603 	EXP 	text_practice: autoDraw = False
22.0603 	EXP 	blank500: autoDraw = True
22.5450 	EXP 	New trial (rep=0, index=1): OrderedDict([('pic1', 'pics/blank.jpg'), ('pic2', 'pics/blank.jpg'), ('pic3', 'pics/v4.png'), ('sound', 'sound/test.wav'), ('image_icon1', 'pics/blank.jpg'), ('image_icon2', 'pics/blank.jpg'), ('image_icon3', 'pics/speaker_icon.jpg'), ('sound1', 'sound/eh.wav'), ('sound2', 'sound/blank.wav'), ('condition', 'vowel')])
22.5610 	EXP 	blank500: autoDraw = False
22.5610 	EXP 	blank500: autoDraw = True
23.1156 	WARNING 	Requested image 'pics/v4.png' not found but similar filename 'pics/v4.jpg' exists. This will be used instead but changing the filename is advised.
23.1445 	EXP 	blank500: autoDraw = False
23.1445 	EXP 	image_rune_left1: image = 'pics/blank.jpg'
23.1445 	EXP 	image_rune_right1: image = 'pics/blank.jpg'
23.1445 	EXP 	image_rune_mid1: image = 'pics/v4.png'
23.1445 	EXP 	text_listen: autoDraw = True
23.6289 	EXP 	image_rune_left1: autoDraw = True
23.6289 	EXP 	image_rune_right1: autoDraw = True
23.6289 	EXP 	image_rune_mid1: autoDraw = True
30.1292 	WARNING 	Requested image 'pics/v4.png' not found but similar filename 'pics/v4.jpg' exists. This will be used instead but changing the filename is advised.
30.2670 	EXP 	image_rune_left1: autoDraw = False
30.2670 	EXP 	image_rune_right1: autoDraw = False
30.2670 	EXP 	image_rune_mid1: autoDraw = False
30.2670 	EXP 	text_listen: autoDraw = False
30.2670 	EXP 	image_rune_left1: autoDraw = False
30.2670 	EXP 	image_rune_right1: autoDraw = False
30.2670 	EXP 	image_rune_mid1: autoDraw = False
30.2670 	EXP 	text_listen: autoDraw = False
30.2670 	EXP 	image_rune_left: image = 'pics/blank.jpg'
30.2670 	EXP 	image_rune_right: image = 'pics/blank.jpg'
30.2670 	EXP 	image_rune_mid: image = 'pics/v4.png'
30.2670 	EXP 	image_speaker_left: image = 'pics/blank.jpg'
30.2670 	EXP 	image_speaker_right: image = 'pics/blank.jpg'
30.2670 	EXP 	image_speaker_mid: image = 'pics/speaker_icon.jpg'
30.2670 	EXP 	image_rune_left: autoDraw = True
30.2670 	EXP 	image_rune_right: autoDraw = True
30.2670 	EXP 	image_rune_mid: autoDraw = True
30.9449 	EXP 	image_speaker_left: autoDraw = True
30.9449 	EXP 	image_speaker_right: autoDraw = True
30.9449 	EXP 	image_speaker_mid: autoDraw = True
30.9449 	EXP 	text_practice: autoDraw = True
32.2957 	EXP 	window1: mouseVisible = True
